#
# A fatal error has been detected by the Java Runtime Environment:
#
#  EXCEPTION_ACCESS_VIOLATION (0xc0000005) at pc=0x00007ffbf96d846d, pid=33996, tid=0x00000000000039ac
#
# JRE version: Java(TM) SE Runtime Environment (8.0_141-b15) (build 1.8.0_141-b15)
# Java VM: Java HotSpot(TM) 64-Bit Server VM (25.141-b15 mixed mode windows-amd64 compressed oops)
# Problematic frame:
# C  [lwjgl_opengl.dll+0x846d]
#
# Failed to write core dump. Minidumps are not enabled by default on client versions of Windows
#
# If you would like to submit a bug report, please visit:
#   http://bugreport.java.com/bugreport/crash.jsp
# The crash happened outside the Java Virtual Machine in native code.
# See problematic frame for where to report the bug.
#

---------------  T H R E A D  ---------------

Current thread (0x0000000002812800):  JavaThread "main" [_thread_in_native, id=14764, stack(0x00000000026d0000,0x00000000027d0000)]

siginfo: ExceptionCode=0xc0000005, reading address 0x0000000000000f70

Registers:
RAX=0x0000000077f01d50, RBX=0x00000000204c8ac0, RCX=0x0000000000000001, RDX=0x0000000023cd9f3c
RSP=0x00000000027cf088, RBP=0x00000000027cf110, RSI=0x00000007430698e0, RDI=0x0000000002a17f10
R8 =0x0000000000000001, R9 =0x0000000023cd9f3c, R10=0x0000000000000000, R11=0x000000007798bc50
R12=0x0000000000000000, R13=0x00000000204c8ac0, R14=0x00000000027cf140, R15=0x0000000002812800
RIP=0x00007ffbf96d846d, EFLAGS=0x0000000000010202

Top of Stack: (sp=0x00000000027cf088)
0x00000000027cf088:   0000000002a3100c 0000000002a17f10
0x00000000027cf098:   0000000002a30a5d 0000000002812800
0x00000000027cf0a8:   00000000204c8ac0 00000007430698e0
0x00000000027cf0b8:   0000000002812800 00000000027cf1b8
0x00000000027cf0c8:   0000000002a30a22 00000000027cf0d0
0x00000000027cf0d8:   00000000204c8ac0 00000000027cf140
0x00000000027cf0e8:   00000000204d1950 0000000000000000
0x00000000027cf0f8:   00000000204c8ac0 0000000000000000
0x00000000027cf108:   00000000027cf130 00000000027cf188
0x00000000027cf118:   0000000002a183fd 00000007436d34a8
0x00000000027cf128:   0000000002a271b8 0000000023cd9f3c
0x00000000027cf138:   00000007439fe520 0000000000000001
0x00000000027cf148:   00000000027cf148 00000000204c8c34
0x00000000027cf158:   00000000027cf1b8 00000000204d1950
0x00000000027cf168:   0000000000000000 00000000204c8ca0
0x00000000027cf178:   00000000027cf130 00000000027cf1c0 

Instructions: (pc=0x00007ffbf96d846d)
0x00007ffbf96d844d:   49 ff a2 30 0a 00 00 cc cc cc cc cc cc cc cc cc
0x00007ffbf96d845d:   cc cc cc 48 8b 01 49 8b d1 41 8b c8 4c 8b 50 18
0x00007ffbf96d846d:   49 ff a2 70 0f 00 00 cc cc cc cc cc cc cc cc cc
0x00007ffbf96d847d:   cc cc cc 48 8b 01 48 8b 48 18 48 8b 81 78 1c 00 


Register to memory mapping:

RAX=0x0000000077f01d50 is an unknown value
RBX={method} {0x00000000204c8ac8} 'nglGenVertexArrays' '(IJ)V' in 'org/lwjgl/opengl/GL30'
RCX=0x0000000000000001 is an unknown value
RDX=0x0000000023cd9f3c is an unknown value
RSP=0x00000000027cf088 is pointing into the stack for thread: 0x0000000002812800
RBP=0x00000000027cf110 is pointing into the stack for thread: 0x0000000002812800
RSI=0x00000007430698e0 is an oop
java.lang.ThreadLocal$ThreadLocalMap 
 - klass: 'java/lang/ThreadLocal$ThreadLocalMap'
RDI=0x0000000002a17f10 is at code_begin+1040 in an Interpreter codelet
invoke return entry points  [0x0000000002a17b00, 0x0000000002a184e0]  2528 bytes
R8 =0x0000000000000001 is an unknown value
R9 =0x0000000023cd9f3c is an unknown value
R10=0x0000000000000000 is an unknown value
R11=0x000000007798bc50 is an unknown value
R12=0x0000000000000000 is an unknown value
R13={method} {0x00000000204c8ac8} 'nglGenVertexArrays' '(IJ)V' in 'org/lwjgl/opengl/GL30'
R14=0x00000000027cf140 is pointing into the stack for thread: 0x0000000002812800
R15=0x0000000002812800 is a thread


Stack: [0x00000000026d0000,0x00000000027d0000],  sp=0x00000000027cf088,  free space=1020k
Native frames: (J=compiled Java code, j=interpreted, Vv=VM code, C=native code)
C  [lwjgl_opengl.dll+0x846d]

Java frames: (J=compiled Java code, j=interpreted, Vv=VM code)
j  org.lwjgl.opengl.GL30.nglGenVertexArrays(IJ)V+0
j  org.lwjgl.opengl.GL30.glGenVertexArrays()I+20
j  wireengine.core.rendering.geometry.Mesh.create(F)Lwireengine/core/rendering/geometry/Mesh;+10
j  wireengine.core.rendering.geometry.Mesh.create()Lwireengine/core/rendering/geometry/Mesh;+2
j  wireengine.core.rendering.geometry.MeshHelper.parseObj(Ljava/lang/String;)Lwireengine/core/rendering/geometry/Mesh;+1034
j  wireengine.testgame.TestGame.main([Ljava/lang/String;)V+2
v  ~StubRoutines::call_stub

---------------  P R O C E S S  ---------------

Java Threads: ( => current thread )
  0x0000000022a51800 JavaThread "Service Thread" daemon [_thread_blocked, id=36656, stack(0x0000000023850000,0x0000000023950000)]
  0x0000000022a1a000 JavaThread "C1 CompilerThread3" daemon [_thread_blocked, id=36768, stack(0x0000000023750000,0x0000000023850000)]
  0x00000000229dd000 JavaThread "C2 CompilerThread2" daemon [_thread_blocked, id=8560, stack(0x0000000023650000,0x0000000023750000)]
  0x00000000229b8000 JavaThread "C2 CompilerThread1" daemon [_thread_blocked, id=840, stack(0x0000000023550000,0x0000000023650000)]
  0x00000000229bc000 JavaThread "C2 CompilerThread0" daemon [_thread_blocked, id=20748, stack(0x0000000023450000,0x0000000023550000)]
  0x00000000229a2000 JavaThread "JDWP Command Reader" daemon [_thread_in_native, id=26672, stack(0x0000000023350000,0x0000000023450000)]
  0x00000000229a1000 JavaThread "JDWP Event Helper Thread" daemon [_thread_blocked, id=38344, stack(0x0000000023250000,0x0000000023350000)]
  0x0000000022993800 JavaThread "JDWP Transport Listener: dt_socket" daemon [_thread_blocked, id=14220, stack(0x0000000023150000,0x0000000023250000)]
  0x0000000022988800 JavaThread "Attach Listener" daemon [_thread_blocked, id=14144, stack(0x0000000023050000,0x0000000023150000)]
  0x0000000022987000 JavaThread "Signal Dispatcher" daemon [_thread_blocked, id=18508, stack(0x0000000022f50000,0x0000000023050000)]
  0x0000000022981800 JavaThread "Finalizer" daemon [_thread_blocked, id=15192, stack(0x0000000022d60000,0x0000000022e60000)]
  0x0000000002907000 JavaThread "Reference Handler" daemon [_thread_blocked, id=7520, stack(0x0000000022860000,0x0000000022960000)]
=>0x0000000002812800 JavaThread "main" [_thread_in_native, id=14764, stack(0x00000000026d0000,0x00000000027d0000)]

Other Threads:
  0x0000000020a8a000 VMThread [stack: 0x0000000022760000,0x0000000022860000] [id=12800]
  0x0000000022a44000 WatcherThread [stack: 0x0000000023950000,0x0000000023a50000] [id=23884]

VM state:not at safepoint (normal execution)

VM Mutex/Monitor currently owned by a thread: None

Heap:
 PSYoungGen      total 75776K, used 10423K [0x0000000743000000, 0x0000000748480000, 0x00000007c0000000)
  eden space 65024K, 16% used [0x0000000743000000,0x0000000743a2de08,0x0000000746f80000)
  from space 10752K, 0% used [0x0000000747a00000,0x0000000747a00000,0x0000000748480000)
  to   space 10752K, 0% used [0x0000000746f80000,0x0000000746f80000,0x0000000747a00000)
 ParOldGen       total 173568K, used 0K [0x0000000649000000, 0x0000000653980000, 0x0000000743000000)
  object space 173568K, 0% used [0x0000000649000000,0x0000000649000000,0x0000000653980000)
 Metaspace       used 6654K, capacity 6882K, committed 7040K, reserved 1056768K
  class space    used 727K, capacity 831K, committed 896K, reserved 1048576K

Card table byte_map: [0x0000000011dd0000,0x0000000012990000] byte_map_base: 0x000000000eb88000

Marking Bits: (ParMarkBitMap*) 0x0000000077f7d850
 Begin Bits: [0x0000000013960000, 0x0000000019720000)
 End Bits:   [0x0000000019720000, 0x000000001f4e0000)

Polling page: 0x0000000000ed0000

CodeCache: size=245760Kb used=2283Kb max_used=2298Kb free=243476Kb
 bounds [0x0000000002a10000, 0x0000000002c80000, 0x0000000011a10000]
 total_blobs=863 nmethods=521 adapters=263
 compilation: enabled

Compilation events (10 events):
Event: 0.600 Thread 0x00000000229bc000  517       4       sun.nio.cs.UTF_8$Encoder::encode (359 bytes)
Event: 0.600 Thread 0x0000000022a1a000 nmethod 516 0x0000000002c46f90 code [0x0000000002c471e0, 0x0000000002c47f68]
Event: 0.601 Thread 0x00000000229b8000  518       4       java.lang.String::indexOf (166 bytes)
Event: 0.601 Thread 0x0000000022a1a000  519   !   3       java.util.zip.Inflater::inflate (113 bytes)
Event: 0.601 Thread 0x0000000022a1a000 nmethod 519 0x0000000002c48850 code [0x0000000002c48a20, 0x0000000002c490f8]
Event: 0.601 Thread 0x0000000022a1a000  521       1       java.security.CodeSource::getLocation (5 bytes)
Event: 0.601 Thread 0x0000000022a1a000 nmethod 521 0x0000000002c49510 code [0x0000000002c49660, 0x0000000002c49770]
Event: 0.604 Thread 0x00000000229bc000 nmethod 517 0x0000000002c4c7d0 code [0x0000000002c4c920, 0x0000000002c4cd18]
Event: 0.608 Thread 0x00000000229b8000 nmethod 518 0x0000000002c4a890 code [0x0000000002c4a9e0, 0x0000000002c4afb8]
Event: 0.609 Thread 0x00000000229dd000 nmethod 501% 0x0000000002c4d850 code [0x0000000002c4d9c0, 0x0000000002c4e778]

GC Heap History (0 events):
No events

Deoptimization events (2 events):
Event: 0.440 Thread 0x0000000002812800 Uncommon trap: reason=unstable_if action=reinterpret pc=0x0000000002ba9d84 method=java.lang.String.indexOf([CII[CIII)I @ 134
Event: 0.502 Thread 0x0000000002812800 Uncommon trap: reason=unstable_if action=reinterpret pc=0x0000000002ba46f8 method=java.lang.CharacterDataLatin1.digit(II)I @ 31

Internal exceptions (9 events):
Event: 0.035 Thread 0x0000000002812800 Exception <a 'java/lang/NoSuchMethodError': Method sun.misc.Unsafe.defineClass(Ljava/lang/String;[BII)Ljava/lang/Class; name or signature does not match> (0x0000000743007ca8) thrown at [C:\re\workspace\8-2-build-windows-amd64-cygwin\jdk8u141\9370\hotspot\
Event: 0.035 Thread 0x0000000002812800 Exception <a 'java/lang/NoSuchMethodError': Method sun.misc.Unsafe.prefetchRead(Ljava/lang/Object;J)V name or signature does not match> (0x0000000743007f90) thrown at [C:\re\workspace\8-2-build-windows-amd64-cygwin\jdk8u141\9370\hotspot\src\share\vm\prims
Event: 0.177 Thread 0x0000000002812800 Exception <a 'java/security/PrivilegedActionException'> (0x0000000743134880) thrown at [C:\re\workspace\8-2-build-windows-amd64-cygwin\jdk8u141\9370\hotspot\src\share\vm\prims\jvm.cpp, line 1390]
Event: 0.177 Thread 0x0000000002812800 Exception <a 'java/security/PrivilegedActionException'> (0x0000000743134c78) thrown at [C:\re\workspace\8-2-build-windows-amd64-cygwin\jdk8u141\9370\hotspot\src\share\vm\prims\jvm.cpp, line 1390]
Event: 0.178 Thread 0x0000000002812800 Exception <a 'java/security/PrivilegedActionException'> (0x0000000743138f58) thrown at [C:\re\workspace\8-2-build-windows-amd64-cygwin\jdk8u141\9370\hotspot\src\share\vm\prims\jvm.cpp, line 1390]
Event: 0.178 Thread 0x0000000002812800 Exception <a 'java/security/PrivilegedActionException'> (0x0000000743139350) thrown at [C:\re\workspace\8-2-build-windows-amd64-cygwin\jdk8u141\9370\hotspot\src\share\vm\prims\jvm.cpp, line 1390]
Event: 0.461 Thread 0x0000000002812800 Exception <a 'java/lang/NoSuchFieldError': method resolution failed> (0x00000007437e2328) thrown at [C:\re\workspace\8-2-build-windows-amd64-cygwin\jdk8u141\9370\hotspot\src\share\vm\prims\methodHandles.cpp, line 1146]
Event: 0.464 Thread 0x0000000002812800 Exception <a 'java/lang/NoSuchFieldError': method resolution failed> (0x00000007437ef6c8) thrown at [C:\re\workspace\8-2-build-windows-amd64-cygwin\jdk8u141\9370\hotspot\src\share\vm\prims\methodHandles.cpp, line 1146]
Event: 0.517 Thread 0x0000000002812800 Exception <a 'java/lang/NoSuchMethodError': java.lang.Object.lambda$static$0(Ljava/lang/String;)Ljava/lang/Boolean;> (0x0000000743901b80) thrown at [C:\re\workspace\8-2-build-windows-amd64-cygwin\jdk8u141\9370\hotspot\src\share\vm\interpreter\linkResolver

Events (10 events):
Event: 0.609 Thread 0x0000000002812800 DEOPT PACKING pc=0x0000000002c2c5a4 sp=0x00000000027ca690
Event: 0.609 Thread 0x0000000002812800 DEOPT UNPACKING pc=0x0000000002a5787f sp=0x00000000027ca4b0 mode 1
Event: 0.609 Thread 0x0000000002812800 DEOPT PACKING pc=0x0000000002c2c33c sp=0x00000000027ca820
Event: 0.609 Thread 0x0000000002812800 DEOPT UNPACKING pc=0x0000000002a5787f sp=0x00000000027ca640 mode 1
Event: 0.610 loading class org/lwjgl/system/SharedLibrary$Delegate
Event: 0.610 loading class org/lwjgl/system/SharedLibrary$Delegate done
Event: 0.610 Thread 0x0000000002812800 DEOPT PACKING pc=0x0000000002c2c5a4 sp=0x00000000027c8160
Event: 0.610 Thread 0x0000000002812800 DEOPT UNPACKING pc=0x0000000002a5787f sp=0x00000000027c7f80 mode 1
Event: 0.610 Thread 0x0000000002812800 DEOPT PACKING pc=0x0000000002c2c33c sp=0x00000000027c82f0
Event: 0.610 Thread 0x0000000002812800 DEOPT UNPACKING pc=0x0000000002a5787f sp=0x00000000027c8110 mode 1


Dynamic libraries:
0x00007ff6919f0000 - 0x00007ff691a27000 	C:\Program Files\Java\jdk1.8.0_141\bin\java.exe
0x00007ffc05cc0000 - 0x00007ffc05e9b000 	C:\WINDOWS\SYSTEM32\ntdll.dll
0x00007ffc03d00000 - 0x00007ffc03dae000 	C:\WINDOWS\System32\KERNEL32.DLL
0x00007ffc02670000 - 0x00007ffc028b9000 	C:\WINDOWS\System32\KERNELBASE.dll
0x00007ffc046a0000 - 0x00007ffc04741000 	C:\WINDOWS\System32\ADVAPI32.dll
0x00007ffc04280000 - 0x00007ffc0431d000 	C:\WINDOWS\System32\msvcrt.dll
0x00007ffc03db0000 - 0x00007ffc03e09000 	C:\WINDOWS\System32\sechost.dll
0x00007ffc05b90000 - 0x00007ffc05cb5000 	C:\WINDOWS\System32\RPCRT4.dll
0x00007ffc03750000 - 0x00007ffc0389a000 	C:\WINDOWS\System32\USER32.dll
0x00007ffc025a0000 - 0x00007ffc025be000 	C:\WINDOWS\System32\win32u.dll
0x00007ffc03720000 - 0x00007ffc03747000 	C:\WINDOWS\System32\GDI32.dll
0x00007ffc03090000 - 0x00007ffc03217000 	C:\WINDOWS\System32\gdi32full.dll
0x00007ffc021e0000 - 0x00007ffc0227a000 	C:\WINDOWS\System32\msvcp_win.dll
0x00007ffc022d0000 - 0x00007ffc023c6000 	C:\WINDOWS\System32\ucrtbase.dll
0x00007ffbf6f10000 - 0x00007ffbf7177000 	C:\WINDOWS\WinSxS\amd64_microsoft.windows.common-controls_6595b64144ccf1df_6.0.15063.483_none_26002d27e7c744a2\COMCTL32.dll
0x00007ffc03f00000 - 0x00007ffc041f9000 	C:\WINDOWS\System32\combase.dll
0x00007ffc03020000 - 0x00007ffc0308a000 	C:\WINDOWS\System32\bcryptPrimitives.dll
0x00007ffc03e20000 - 0x00007ffc03e4d000 	C:\WINDOWS\System32\IMM32.DLL
0x0000000050ed0000 - 0x0000000050fa2000 	C:\Program Files\Java\jdk1.8.0_141\jre\bin\msvcr100.dll
0x0000000077760000 - 0x0000000077ffd000 	C:\Program Files\Java\jdk1.8.0_141\jre\bin\server\jvm.dll
0x00007ffc03e10000 - 0x00007ffc03e18000 	C:\WINDOWS\System32\PSAPI.DLL
0x00007ffc00330000 - 0x00007ffc00353000 	C:\WINDOWS\SYSTEM32\WINMM.dll
0x00007ffbfc6b0000 - 0x00007ffbfc6b9000 	C:\WINDOWS\SYSTEM32\WSOCK32.dll
0x00007ffbfe6a0000 - 0x00007ffbfe6aa000 	C:\WINDOWS\SYSTEM32\VERSION.dll
0x00007ffc04320000 - 0x00007ffc0438c000 	C:\WINDOWS\System32\WS2_32.dll
0x00007ffc00300000 - 0x00007ffc0032b000 	C:\WINDOWS\SYSTEM32\WINMMBASE.dll
0x00007ffc02280000 - 0x00007ffc022c9000 	C:\WINDOWS\System32\cfgmgr32.dll
0x0000000050ec0000 - 0x0000000050ecf000 	C:\Program Files\Java\jdk1.8.0_141\jre\bin\verify.dll
0x0000000050e90000 - 0x0000000050eb9000 	C:\Program Files\Java\jdk1.8.0_141\jre\bin\java.dll
0x0000000050e30000 - 0x0000000050e65000 	C:\Program Files\Java\jdk1.8.0_141\jre\bin\jdwp.dll
0x0000000050e20000 - 0x0000000050e28000 	C:\Program Files\Java\jdk1.8.0_141\jre\bin\npt.dll
0x0000000050e70000 - 0x0000000050e86000 	C:\Program Files\Java\jdk1.8.0_141\jre\bin\zip.dll
0x00007ffc04750000 - 0x00007ffc05b86000 	C:\WINDOWS\System32\SHELL32.dll
0x00007ffc03a80000 - 0x00007ffc03b2a000 	C:\WINDOWS\System32\shcore.dll
0x00007ffc028c0000 - 0x00007ffc02fb1000 	C:\WINDOWS\System32\windows.storage.dll
0x00007ffc03a20000 - 0x00007ffc03a71000 	C:\WINDOWS\System32\shlwapi.dll
0x00007ffc02130000 - 0x00007ffc02141000 	C:\WINDOWS\System32\kernel.appcore.dll
0x00007ffc02190000 - 0x00007ffc021dc000 	C:\WINDOWS\System32\powrprof.dll
0x00007ffc02170000 - 0x00007ffc02185000 	C:\WINDOWS\System32\profapi.dll
0x0000000050e10000 - 0x0000000050e19000 	C:\Program Files\Java\jdk1.8.0_141\jre\bin\dt_socket.dll
0x00007ffc01a40000 - 0x00007ffc01a9c000 	C:\WINDOWS\system32\mswsock.dll
0x00007ffbfb370000 - 0x00007ffbfb3c8000 	D:\Code\Java\Projects\WireEngine30\lib\natives\lwjgl.dll
0x0000000050df0000 - 0x0000000050e0a000 	C:\Program Files\Java\jdk1.8.0_141\jre\bin\net.dll
0x0000000050dd0000 - 0x0000000050de1000 	C:\Program Files\Java\jdk1.8.0_141\jre\bin\nio.dll
0x00007ffbf96d0000 - 0x00007ffbf972f000 	D:\Code\Java\Projects\WireEngine30\lib\natives\lwjgl_opengl.dll
0x00007ffbf05c0000 - 0x00007ffbf06e1000 	C:\WINDOWS\SYSTEM32\opengl32.dll
0x00007ffbf9070000 - 0x00007ffbf909c000 	C:\WINDOWS\SYSTEM32\GLU32.dll
0x00007ffbf2890000 - 0x00007ffbf2a39000 	C:\WINDOWS\SYSTEM32\dbghelp.dll

VM Arguments:
jvm_args: -agentlib:jdwp=transport=dt_socket,address=127.0.0.1:18384,suspend=y,server=n -Xmx6000M -Djava.library.path=lib/natives/ -Dfile.encoding=UTF-8 
java_command: wireengine.testgame.TestGame -maxfps 100 -maxtps 64 -playername Kelan
java_class_path (initial): C:\Program Files\Java\jdk1.8.0_141\jre\lib\charsets.jar;C:\Program Files\Java\jdk1.8.0_141\jre\lib\deploy.jar;C:\Program Files\Java\jdk1.8.0_141\jre\lib\ext\access-bridge-64.jar;C:\Program Files\Java\jdk1.8.0_141\jre\lib\ext\cldrdata.jar;C:\Program Files\Java\jdk1.8.0_141\jre\lib\ext\dnsns.jar;C:\Program Files\Java\jdk1.8.0_141\jre\lib\ext\jaccess.jar;C:\Program Files\Java\jdk1.8.0_141\jre\lib\ext\jfxrt.jar;C:\Program Files\Java\jdk1.8.0_141\jre\lib\ext\localedata.jar;C:\Program Files\Java\jdk1.8.0_141\jre\lib\ext\nashorn.jar;C:\Program Files\Java\jdk1.8.0_141\jre\lib\ext\sunec.jar;C:\Program Files\Java\jdk1.8.0_141\jre\lib\ext\sunjce_provider.jar;C:\Program Files\Java\jdk1.8.0_141\jre\lib\ext\sunmscapi.jar;C:\Program Files\Java\jdk1.8.0_141\jre\lib\ext\sunpkcs11.jar;C:\Program Files\Java\jdk1.8.0_141\jre\lib\ext\zipfs.jar;C:\Program Files\Java\jdk1.8.0_141\jre\lib\javaws.jar;C:\Program Files\Java\jdk1.8.0_141\jre\lib\jce.jar;C:\Program Files\Java\jdk1.8.0_141\jre\lib\jfr.jar;C:\Program Files\Java\jdk1.8.0_141\jre\lib\jfxswt.jar;C:\Program Files\Java\jdk1.8.0_141\jre\lib\jsse.jar;C:\Program Files\Java\jdk1.8.0_141\jre\lib\management-agent.jar;C:\Program Files\Java\jdk1.8.0_141\jre\lib\plugin.jar;C:\Program Files\Java\jdk1.8.0_141\jre\lib\resources.jar;C:\Program Files\Java\jdk1.8.0_141\jre\lib\rt.jar;D:\Code\Java\Projects\WireEngine30\out\production\WireEngine30;D:\Code\Java\Projects\WireEngine30\lib\lwjgl.jar;D:\Code\Java\Projects\WireEngine30\lib\lwjgl_util.jar;D:\Code\Java\Projects\WireEngine30\lib\slick-util.jar;D:\Code\Java\Projects\WireEngine30\lib\lwjgl-glfw.jar;D:\Code\Java\Projects\WireEngine30\lib\lwjgl-opengl.jar;D:\Program Files\JetBrains\IntelliJ IDEA 2017.2.2\lib\idea_rt.jar
Launcher Type: SUN_STANDARD

Environment Variables:
JAVA_HOME=C:\Program Files\Java\jdk1.8.0_141
PATH=C:\ProgramData\Oracle\Java\javapath;C:\Program Files (x86)\Razer Chroma SDK\bin;C:\Program Files\Razer Chroma SDK\bin;C:\WINDOWS\system32;C:\WINDOWS;C:\WINDOWS\System32\Wbem;C:\WINDOWS\System32\WindowsPowerShell\v1.0\;C:\WINDOWS\system32\config\systemprofile\AppData\Local\Microsoft\WindowsApps;C:\Program Files (x86)\GtkSharp\2.12\bin;C:\Program Files (x86)\NVIDIA Corporation\PhysX\Common;C:\WINDOWS\system32;C:\WINDOWS;C:\WINDOWS\System32\Wbem;C:\WINDOWS\System32\WindowsPowerShell\v1.0\;D:\Program Files (x86)\Gource\cmd;C:\Program Files\Microsoft SQL Server\130\Tools\Binn\;C:\Program Files\dotnet\;D:\Program Files\Git\cmd;C:\Users\Kelan\AppData\Local\Microsoft\WindowsApps;
USERNAME=Kelan
OS=Windows_NT
PROCESSOR_IDENTIFIER=Intel64 Family 6 Model 60 Stepping 3, GenuineIntel



---------------  S Y S T E M  ---------------

OS: Windows 10.0 , 64 bit Build 15063 (10.0.15063.296)

CPU:total 8 (initial active 8) (4 cores per cpu, 2 threads per core) family 6 model 60 stepping 3, cmov, cx8, fxsr, mmx, sse, sse2, sse3, ssse3, sse4.1, sse4.2, popcnt, avx, avx2, aes, clmul, erms, lzcnt, ht, tsc, tscinvbit, bmi1, bmi2

Memory: 4k page, physical 16609500k(8965724k free), swap 18706652k(8755568k free)

vm_info: Java HotSpot(TM) 64-Bit Server VM (25.141-b15) for windows-amd64 JRE (1.8.0_141-b15), built on Jul 12 2017 04:25:12 by "java_re" with MS VC++ 10.0 (VS2010)

time: Tue Oct 17 17:54:10 2017
elapsed time: 0 seconds (0d 0h 0m 0s)

