#
# A fatal error has been detected by the Java Runtime Environment:
#
#  EXCEPTION_ACCESS_VIOLATION (0xc0000005) at pc=0x00007ffee6a5846d, pid=33356, tid=0x0000000000002300
#
# JRE version: Java(TM) SE Runtime Environment (8.0_141-b15) (build 1.8.0_141-b15)
# Java VM: Java HotSpot(TM) 64-Bit Server VM (25.141-b15 mixed mode windows-amd64 compressed oops)
# Problematic frame:
# C  [lwjgl_opengl.dll+0x846d]
#
# Failed to write core dump. Minidumps are not enabled by default on client versions of Windows
#
# If you would like to submit a bug report, please visit:
#   http://bugreport.java.com/bugreport/crash.jsp
# The crash happened outside the Java Virtual Machine in native code.
# See problematic frame for where to report the bug.
#

---------------  T H R E A D  ---------------

Current thread (0x0000000002cc2800):  JavaThread "main" [_thread_in_native, id=8960, stack(0x0000000002ad0000,0x0000000002bd0000)]

siginfo: ExceptionCode=0xc0000005, reading address 0x0000000000000f70

Registers:
RAX=0x0000000069fd1d50, RBX=0x0000000020b7b080, RCX=0x0000000000000001, RDX=0x00000000242794ec
RSP=0x0000000002bcf498, RBP=0x0000000002bcf518, RSI=0x00000000242794ec, RDI=0x00000007c00d12a8
R8 =0x0000000000000001, R9 =0x00000000242794ec, R10=0x0000000000000000, R11=0x0000000069a5bc50
R12=0x0000000000000000, R13=0x0000000020b7b080, R14=0x0000000002bcf548, R15=0x0000000002cc2800
RIP=0x00007ffee6a5846d, EFLAGS=0x0000000000010202

Top of Stack: (sp=0x0000000002bcf498)
0x0000000002bcf498:   0000000002de100c 00000007c00d12a8
0x0000000002bcf4a8:   0000000002de0a6b 0000000002cc2800
0x0000000002bcf4b8:   0000000020b7b080 00000000242794ec
0x0000000002bcf4c8:   0000000002cc2800 0000000002de0a22
0x0000000002bcf4d8:   0000000002bcf4d8 0000000020b7b080
0x0000000002bcf4e8:   0000000002bcf548 0000000020b7de68
0x0000000002bcf4f8:   0000000000000000 0000000020b7b080
0x0000000002bcf508:   0000000000000000 0000000002bcf538
0x0000000002bcf518:   0000000002bcf590 0000000002dc83fd
0x0000000002bcf528:   0000000743c04bb8 0000000002dd71b8
0x0000000002bcf538:   00000000242794ec 000000074362e120
0x0000000002bcf548:   0000000000000001 0000000002bcf550
0x0000000002bcf558:   0000000020b7b1f4 0000000002bcf5c0
0x0000000002bcf568:   0000000020b7de68 0000000000000000
0x0000000002bcf578:   0000000020b7b260 0000000002bcf538
0x0000000002bcf588:   0000000002bcf5c8 0000000002bcf610 

Instructions: (pc=0x00007ffee6a5846d)
0x00007ffee6a5844d:   49 ff a2 30 0a 00 00 cc cc cc cc cc cc cc cc cc
0x00007ffee6a5845d:   cc cc cc 48 8b 01 49 8b d1 41 8b c8 4c 8b 50 18
0x00007ffee6a5846d:   49 ff a2 70 0f 00 00 cc cc cc cc cc cc cc cc cc
0x00007ffee6a5847d:   cc cc cc 48 8b 01 48 8b 48 18 48 8b 81 78 1c 00 


Register to memory mapping:

RAX=0x0000000069fd1d50 is an unknown value
RBX={method} {0x0000000020b7b088} 'nglGenVertexArrays' '(IJ)V' in 'org/lwjgl/opengl/GL30'
RCX=0x0000000000000001 is an unknown value
RDX=0x00000000242794ec is an unknown value
RSP=0x0000000002bcf498 is pointing into the stack for thread: 0x0000000002cc2800
RBP=0x0000000002bcf518 is pointing into the stack for thread: 0x0000000002cc2800
RSI=0x00000000242794ec is an unknown value
RDI=0x00000007c00d12a8 is pointing into metadata
R8 =0x0000000000000001 is an unknown value
R9 =0x00000000242794ec is an unknown value
R10=0x0000000000000000 is an unknown value
R11=0x0000000069a5bc50 is an unknown value
R12=0x0000000000000000 is an unknown value
R13={method} {0x0000000020b7b088} 'nglGenVertexArrays' '(IJ)V' in 'org/lwjgl/opengl/GL30'
R14=0x0000000002bcf548 is pointing into the stack for thread: 0x0000000002cc2800
R15=0x0000000002cc2800 is a thread


Stack: [0x0000000002ad0000,0x0000000002bd0000],  sp=0x0000000002bcf498,  free space=1021k
Native frames: (J=compiled Java code, j=interpreted, Vv=VM code, C=native code)
C  [lwjgl_opengl.dll+0x846d]

Java frames: (J=compiled Java code, j=interpreted, Vv=VM code)
j  org.lwjgl.opengl.GL30.nglGenVertexArrays(IJ)V+0
j  org.lwjgl.opengl.GL30.glGenVertexArrays()I+20
j  wireengine.core.rendering.geometry.Mesh.create(F)Lwireengine/core/rendering/geometry/Mesh;+10
j  wireengine.core.rendering.geometry.Mesh.create()Lwireengine/core/rendering/geometry/Mesh;+2
j  wireengine.core.level.Level.init()V+5
j  wireengine.testgame.TestGame.postInit()V+4
j  wireengine.core.WireEngine.createEngine(Lwireengine/testgame/Game;)V+93
j  wireengine.testgame.TestGame.main([Ljava/lang/String;)V+8
v  ~StubRoutines::call_stub

---------------  P R O C E S S  ---------------

Java Threads: ( => current thread )
  0x0000000023f51800 JavaThread "PHYSICS-THREAD" [_thread_in_Java, id=1140, stack(0x0000000024720000,0x0000000024820000)]
  0x0000000023f51000 JavaThread "RENDER-THREAD" [_thread_in_Java, id=20004, stack(0x0000000024620000,0x0000000024720000)]
  0x0000000022e1f800 JavaThread "Service Thread" daemon [_thread_blocked, id=9072, stack(0x0000000023c20000,0x0000000023d20000)]
  0x0000000022daf000 JavaThread "C1 CompilerThread3" daemon [_thread_blocked, id=27332, stack(0x0000000023b20000,0x0000000023c20000)]
  0x0000000022d89000 JavaThread "C2 CompilerThread2" daemon [_thread_blocked, id=7496, stack(0x0000000023a20000,0x0000000023b20000)]
  0x0000000022d88000 JavaThread "C2 CompilerThread1" daemon [_thread_blocked, id=29368, stack(0x0000000023920000,0x0000000023a20000)]
  0x0000000022d8d000 JavaThread "C2 CompilerThread0" daemon [_thread_blocked, id=30392, stack(0x0000000023820000,0x0000000023920000)]
  0x0000000022d72800 JavaThread "JDWP Command Reader" daemon [_thread_in_native, id=11768, stack(0x0000000023720000,0x0000000023820000)]
  0x0000000022d71800 JavaThread "JDWP Event Helper Thread" daemon [_thread_blocked, id=32716, stack(0x0000000023620000,0x0000000023720000)]
  0x0000000022d66000 JavaThread "JDWP Transport Listener: dt_socket" daemon [_thread_blocked, id=31060, stack(0x0000000023520000,0x0000000023620000)]
  0x0000000022d58800 JavaThread "Attach Listener" daemon [_thread_blocked, id=32920, stack(0x0000000023420000,0x0000000023520000)]
  0x0000000020e4e000 JavaThread "Signal Dispatcher" daemon [_thread_blocked, id=15984, stack(0x0000000023320000,0x0000000023420000)]
  0x0000000022d50800 JavaThread "Finalizer" daemon [_thread_blocked, id=29080, stack(0x0000000023130000,0x0000000023230000)]
  0x0000000002db8000 JavaThread "Reference Handler" daemon [_thread_blocked, id=11972, stack(0x0000000022c30000,0x0000000022d30000)]
=>0x0000000002cc2800 JavaThread "main" [_thread_in_native, id=8960, stack(0x0000000002ad0000,0x0000000002bd0000)]

Other Threads:
  0x0000000020e39800 VMThread [stack: 0x0000000022b30000,0x0000000022c30000] [id=27816]
  0x0000000022e0c800 WatcherThread [stack: 0x0000000023d20000,0x0000000023e20000] [id=17220]

VM state:not at safepoint (normal execution)

VM Mutex/Monitor currently owned by a thread: None

Heap:
 PSYoungGen      total 75776K, used 19708K [0x0000000743000000, 0x0000000748480000, 0x00000007c0000000)
  eden space 65024K, 30% used [0x0000000743000000,0x000000074433f380,0x0000000746f80000)
  from space 10752K, 0% used [0x0000000747a00000,0x0000000747a00000,0x0000000748480000)
  to   space 10752K, 0% used [0x0000000746f80000,0x0000000746f80000,0x0000000747a00000)
 ParOldGen       total 173568K, used 0K [0x0000000649000000, 0x0000000653980000, 0x0000000743000000)
  object space 173568K, 0% used [0x0000000649000000,0x0000000649000000,0x0000000653980000)
 Metaspace       used 10376K, capacity 10625K, committed 10752K, reserved 1058816K
  class space    used 921K, capacity 1001K, committed 1024K, reserved 1048576K

Card table byte_map: [0x0000000012180000,0x0000000012d40000] byte_map_base: 0x000000000ef38000

Marking Bits: (ParMarkBitMap*) 0x000000006a04d850
 Begin Bits: [0x0000000013d10000, 0x0000000019ad0000)
 End Bits:   [0x0000000019ad0000, 0x000000001f890000)

Polling page: 0x0000000001300000

CodeCache: size=245760Kb used=3037Kb max_used=3049Kb free=242722Kb
 bounds [0x0000000002dc0000, 0x00000000030c0000, 0x0000000011dc0000]
 total_blobs=1578 nmethods=727 adapters=772
 compilation: enabled

Compilation events (10 events):
Event: 2.025 Thread 0x0000000022d89000 nmethod 713 0x00000000030b3850 code [0x00000000030b39a0, 0x00000000030b3d18]
Event: 2.027 Thread 0x0000000022daf000  722 %     3       wireengine.core.TickableThread::run @ 42 (148 bytes)
Event: 2.028 Thread 0x0000000022daf000 nmethod 722% 0x00000000030b7890 code [0x00000000030b7be0, 0x00000000030b97b8]
Event: 2.029 Thread 0x0000000022daf000  723       3       sun.misc.PerfCounter::getParentDelegationTime (4 bytes)
Event: 2.029 Thread 0x0000000022daf000 nmethod 723 0x00000000030b3550 code [0x00000000030b36a0, 0x00000000030b37d0]
Event: 2.029 Thread 0x0000000022daf000  724       3       sun.misc.PerfCounter::addTime (6 bytes)
Event: 2.029 Thread 0x0000000022daf000 nmethod 724 0x00000000030b4f10 code [0x00000000030b50c0, 0x00000000030b57d8]
Event: 2.029 Thread 0x0000000022daf000  725       3       sun.misc.PerfCounter::getFindClassTime (4 bytes)
Event: 2.029 Thread 0x0000000022daf000 nmethod 725 0x00000000030b3250 code [0x00000000030b33a0, 0x00000000030b34d0]
Event: 2.029 Thread 0x0000000022d8d000  726       4       org.lwjgl.system.MemoryUtil::memAddress (9 bytes)

GC Heap History (0 events):
No events

Deoptimization events (2 events):
Event: 0.293 Thread 0x0000000023f51000 Uncommon trap: reason=unstable_if action=reinterpret pc=0x0000000002f93110 method=java.lang.String.indexOf([CII[CIII)I @ 134
Event: 2.027 Thread 0x0000000023f51800 Uncommon trap: reason=unstable_if action=reinterpret pc=0x0000000002f8c92c method=wireengine.core.TickableThread.run()V @ 81

Internal exceptions (9 events):
Event: 0.035 Thread 0x0000000002cc2800 Exception <a 'java/lang/NoSuchMethodError': Method sun.misc.Unsafe.defineClass(Ljava/lang/String;[BII)Ljava/lang/Class; name or signature does not match> (0x0000000743007ca8) thrown at [C:\re\workspace\8-2-build-windows-amd64-cygwin\jdk8u141\9370\hotspot\
Event: 0.035 Thread 0x0000000002cc2800 Exception <a 'java/lang/NoSuchMethodError': Method sun.misc.Unsafe.prefetchRead(Ljava/lang/Object;J)V name or signature does not match> (0x0000000743007f90) thrown at [C:\re\workspace\8-2-build-windows-amd64-cygwin\jdk8u141\9370\hotspot\src\share\vm\prims
Event: 0.214 Thread 0x0000000002cc2800 Exception <a 'java/lang/NoSuchFieldError': method resolution failed> (0x00000007434d6978) thrown at [C:\re\workspace\8-2-build-windows-amd64-cygwin\jdk8u141\9370\hotspot\src\share\vm\prims\methodHandles.cpp, line 1146]
Event: 0.216 Thread 0x0000000002cc2800 Exception <a 'java/lang/NoSuchFieldError': method resolution failed> (0x00000007434e3cf8) thrown at [C:\re\workspace\8-2-build-windows-amd64-cygwin\jdk8u141\9370\hotspot\src\share\vm\prims\methodHandles.cpp, line 1146]
Event: 0.252 Thread 0x0000000002cc2800 Exception <a 'java/security/PrivilegedActionException'> (0x00000007435c1650) thrown at [C:\re\workspace\8-2-build-windows-amd64-cygwin\jdk8u141\9370\hotspot\src\share\vm\prims\jvm.cpp, line 1390]
Event: 0.253 Thread 0x0000000002cc2800 Exception <a 'java/security/PrivilegedActionException'> (0x00000007435c1a48) thrown at [C:\re\workspace\8-2-build-windows-amd64-cygwin\jdk8u141\9370\hotspot\src\share\vm\prims\jvm.cpp, line 1390]
Event: 0.253 Thread 0x0000000002cc2800 Exception <a 'java/security/PrivilegedActionException'> (0x00000007435c5d28) thrown at [C:\re\workspace\8-2-build-windows-amd64-cygwin\jdk8u141\9370\hotspot\src\share\vm\prims\jvm.cpp, line 1390]
Event: 0.253 Thread 0x0000000002cc2800 Exception <a 'java/security/PrivilegedActionException'> (0x00000007435c6120) thrown at [C:\re\workspace\8-2-build-windows-amd64-cygwin\jdk8u141\9370\hotspot\src\share\vm\prims\jvm.cpp, line 1390]
Event: 0.286 Thread 0x0000000023f51000 Exception <a 'java/lang/NoSuchMethodError': java.lang.Object.lambda$static$0(Ljava/lang/String;)Ljava/lang/Boolean;> (0x00000007436b4538) thrown at [C:\re\workspace\8-2-build-windows-amd64-cygwin\jdk8u141\9370\hotspot\src\share\vm\interpreter\linkResolver

Events (10 events):
Event: 2.028 Thread 0x0000000002cc2800 DEOPT PACKING pc=0x0000000002f8087c sp=0x0000000002bce280
Event: 2.028 Thread 0x0000000002cc2800 DEOPT UNPACKING pc=0x0000000002e0787f sp=0x0000000002bce0a0 mode 1
Event: 2.029 loading class wireengine/core/rendering/geometry/Mesh$Face
Event: 2.029 loading class wireengine/core/rendering/geometry/Mesh$Face done
Event: 2.029 Thread 0x0000000002cc2800 DEOPT PACKING pc=0x000000000303e449 sp=0x0000000002bcc9f0
Event: 2.029 Thread 0x0000000002cc2800 DEOPT UNPACKING pc=0x0000000002e0787f sp=0x0000000002bcc740 mode 1
Event: 2.029 Thread 0x0000000002cc2800 DEOPT PACKING pc=0x0000000002f80ae4 sp=0x0000000002bcca70
Event: 2.029 Thread 0x0000000002cc2800 DEOPT UNPACKING pc=0x0000000002e0787f sp=0x0000000002bcc890 mode 1
Event: 2.029 Thread 0x0000000002cc2800 DEOPT PACKING pc=0x0000000002f8087c sp=0x0000000002bccc00
Event: 2.029 Thread 0x0000000002cc2800 DEOPT UNPACKING pc=0x0000000002e0787f sp=0x0000000002bcca20 mode 1


Dynamic libraries:
0x00007ff728930000 - 0x00007ff728967000 	C:\Program Files\Java\jdk1.8.0_141\bin\java.exe
0x00007fff05e30000 - 0x00007fff0600b000 	C:\WINDOWS\SYSTEM32\ntdll.dll
0x00007fff04210000 - 0x00007fff042be000 	C:\WINDOWS\System32\KERNEL32.DLL
0x00007fff02430000 - 0x00007fff02679000 	C:\WINDOWS\System32\KERNELBASE.dll
0x00007fff03ef0000 - 0x00007fff03f91000 	C:\WINDOWS\System32\ADVAPI32.dll
0x00007fff03fa0000 - 0x00007fff0403d000 	C:\WINDOWS\System32\msvcrt.dll
0x00007fff03810000 - 0x00007fff03869000 	C:\WINDOWS\System32\sechost.dll
0x00007fff042c0000 - 0x00007fff043e5000 	C:\WINDOWS\System32\RPCRT4.dll
0x00007fff03870000 - 0x00007fff039ba000 	C:\WINDOWS\System32\USER32.dll
0x00007fff023c0000 - 0x00007fff023de000 	C:\WINDOWS\System32\win32u.dll
0x00007fff04450000 - 0x00007fff04477000 	C:\WINDOWS\System32\GDI32.dll
0x00007fff02f30000 - 0x00007fff030b7000 	C:\WINDOWS\System32\gdi32full.dll
0x00007fff02730000 - 0x00007fff027ca000 	C:\WINDOWS\System32\msvcp_win.dll
0x00007fff030c0000 - 0x00007fff031b6000 	C:\WINDOWS\System32\ucrtbase.dll
0x00007ffef7410000 - 0x00007ffef7677000 	C:\WINDOWS\WinSxS\amd64_microsoft.windows.common-controls_6595b64144ccf1df_6.0.15063.483_none_26002d27e7c744a2\COMCTL32.dll
0x00007fff03390000 - 0x00007fff03689000 	C:\WINDOWS\System32\combase.dll
0x00007fff02350000 - 0x00007fff023ba000 	C:\WINDOWS\System32\bcryptPrimitives.dll
0x00007fff039c0000 - 0x00007fff039ed000 	C:\WINDOWS\System32\IMM32.DLL
0x000000006a0d0000 - 0x000000006a1a2000 	C:\Program Files\Java\jdk1.8.0_141\jre\bin\msvcr100.dll
0x0000000069830000 - 0x000000006a0cd000 	C:\Program Files\Java\jdk1.8.0_141\jre\bin\server\jvm.dll
0x00007fff04040000 - 0x00007fff04048000 	C:\WINDOWS\System32\PSAPI.DLL
0x00007ffefeaa0000 - 0x00007ffefeaaa000 	C:\WINDOWS\SYSTEM32\VERSION.dll
0x00007ffef8210000 - 0x00007ffef8219000 	C:\WINDOWS\SYSTEM32\WSOCK32.dll
0x00007fff003a0000 - 0x00007fff003c3000 	C:\WINDOWS\SYSTEM32\WINMM.dll
0x00007fff04480000 - 0x00007fff044ec000 	C:\WINDOWS\System32\WS2_32.dll
0x00007fff00340000 - 0x00007fff0036b000 	C:\WINDOWS\SYSTEM32\WINMMBASE.dll
0x00007fff023e0000 - 0x00007fff02429000 	C:\WINDOWS\System32\cfgmgr32.dll
0x0000000069820000 - 0x000000006982f000 	C:\Program Files\Java\jdk1.8.0_141\jre\bin\verify.dll
0x00000000697f0000 - 0x0000000069819000 	C:\Program Files\Java\jdk1.8.0_141\jre\bin\java.dll
0x0000000069770000 - 0x00000000697a5000 	C:\Program Files\Java\jdk1.8.0_141\jre\bin\jdwp.dll
0x0000000069760000 - 0x0000000069768000 	C:\Program Files\Java\jdk1.8.0_141\jre\bin\npt.dll
0x00000000697d0000 - 0x00000000697e6000 	C:\Program Files\Java\jdk1.8.0_141\jre\bin\zip.dll
0x00007fff049e0000 - 0x00007fff05e16000 	C:\WINDOWS\System32\SHELL32.dll
0x00007fff039f0000 - 0x00007fff03a9a000 	C:\WINDOWS\System32\shcore.dll
0x00007fff027d0000 - 0x00007fff02ec1000 	C:\WINDOWS\System32\windows.storage.dll
0x00007fff03690000 - 0x00007fff036e1000 	C:\WINDOWS\System32\shlwapi.dll
0x00007fff022f0000 - 0x00007fff02301000 	C:\WINDOWS\System32\kernel.appcore.dll
0x00007fff022a0000 - 0x00007fff022ec000 	C:\WINDOWS\System32\powrprof.dll
0x00007fff02310000 - 0x00007fff02325000 	C:\WINDOWS\System32\profapi.dll
0x0000000069750000 - 0x0000000069759000 	C:\Program Files\Java\jdk1.8.0_141\jre\bin\dt_socket.dll
0x00007fff01bb0000 - 0x00007fff01c0c000 	C:\WINDOWS\system32\mswsock.dll
0x00007ffef04d0000 - 0x00007ffef0528000 	D:\Code\Java\Projects\WireEngine30\lib\natives\lwjgl.dll
0x0000000069730000 - 0x000000006974a000 	C:\Program Files\Java\jdk1.8.0_141\jre\bin\net.dll
0x0000000069710000 - 0x0000000069721000 	C:\Program Files\Java\jdk1.8.0_141\jre\bin\nio.dll
0x00007ffef0480000 - 0x00007ffef04cd000 	D:\Code\Java\Projects\WireEngine30\lib\natives\glfw.dll
0x00007fff00b20000 - 0x00007fff00bb5000 	C:\WINDOWS\system32\uxtheme.dll
0x00007ffec9550000 - 0x00007ffec9592000 	C:\WINDOWS\SYSTEM32\dinput8.dll
0x00007ffefcae0000 - 0x00007ffefcaee000 	C:\WINDOWS\SYSTEM32\xinput1_4.dll
0x00007fff00f00000 - 0x00007fff00f28000 	C:\WINDOWS\SYSTEM32\DEVOBJ.dll
0x00007ffeff270000 - 0x00007ffeff29a000 	C:\WINDOWS\SYSTEM32\dwmapi.dll
0x00007fff03aa0000 - 0x00007fff03c06000 	C:\WINDOWS\System32\MSCTF.dll
0x00007fff036f0000 - 0x00007fff037b0000 	C:\WINDOWS\System32\OLEAUT32.dll
0x00007ffec20a0000 - 0x00007ffec2108000 	C:\Program Files (x86)\Overwolf\0.107.36.0\x64\OWExplorer.dll
0x00007fff03c10000 - 0x00007fff03d55000 	C:\WINDOWS\System32\ole32.dll
0x00007ffef2cb0000 - 0x00007ffef2e59000 	C:\WINDOWS\SYSTEM32\dbghelp.dll
0x00007ffef2ba0000 - 0x00007ffef2bc9000 	C:\WINDOWS\SYSTEM32\dbgcore.DLL
0x00007fff01160000 - 0x00007fff0116d000 	C:\WINDOWS\SYSTEM32\HID.DLL
0x00007fff04590000 - 0x00007fff049cb000 	C:\WINDOWS\System32\SETUPAPI.DLL
0x00007fff02ed0000 - 0x00007fff02f26000 	C:\WINDOWS\System32\WINTRUST.dll
0x00007fff02330000 - 0x00007fff02341000 	C:\WINDOWS\System32\MSASN1.dll
0x00007fff031c0000 - 0x00007fff03389000 	C:\WINDOWS\System32\CRYPT32.dll
0x00007ffee7720000 - 0x00007ffee7841000 	C:\WINDOWS\SYSTEM32\opengl32.dll
0x00007ffef3150000 - 0x00007ffef317c000 	C:\WINDOWS\SYSTEM32\GLU32.dll
0x0000000067490000 - 0x000000006970c000 	C:\WINDOWS\SYSTEM32\nvoglv64.DLL
0x00007ffefeed0000 - 0x00007ffefeee3000 	C:\WINDOWS\SYSTEM32\WTSAPI32.dll
0x00007fff01530000 - 0x00007fff01561000 	C:\WINDOWS\SYSTEM32\ntmarta.dll
0x00007ffef6f80000 - 0x00007ffef715c000 	C:\WINDOWS\system32\nvspcap64.dll
0x00007ffef6ea0000 - 0x00007ffef6f77000 	C:\WINDOWS\SYSTEM32\WINHTTP.dll
0x00007fff01810000 - 0x00007fff01865000 	C:\WINDOWS\SYSTEM32\WINSTA.dll
0x00007ffefc240000 - 0x00007ffefc2c2000 	C:\WINDOWS\System32\TextInputFramework.dll
0x00007ffefe730000 - 0x00007ffefea02000 	C:\WINDOWS\System32\CoreUIComponents.dll
0x00007fff00250000 - 0x00007fff00333000 	C:\WINDOWS\System32\CoreMessaging.dll
0x00007ffeff250000 - 0x00007ffeff265000 	C:\WINDOWS\SYSTEM32\usermgrcli.dll
0x00007ffefdf10000 - 0x00007ffefe049000 	C:\WINDOWS\SYSTEM32\wintypes.dll
0x00007ffee6a50000 - 0x00007ffee6aaf000 	D:\Code\Java\Projects\WireEngine30\lib\natives\lwjgl_opengl.dll

VM Arguments:
jvm_args: -agentlib:jdwp=transport=dt_socket,address=127.0.0.1:58908,suspend=y,server=n -Xmx6000M -Djava.library.path=lib/natives/ -Dfile.encoding=UTF-8 
java_command: wireengine.testgame.TestGame -maxfps 100 -maxtps 64 -playername Kelan
java_class_path (initial): C:\Program Files\Java\jdk1.8.0_141\jre\lib\charsets.jar;C:\Program Files\Java\jdk1.8.0_141\jre\lib\deploy.jar;C:\Program Files\Java\jdk1.8.0_141\jre\lib\ext\access-bridge-64.jar;C:\Program Files\Java\jdk1.8.0_141\jre\lib\ext\cldrdata.jar;C:\Program Files\Java\jdk1.8.0_141\jre\lib\ext\dnsns.jar;C:\Program Files\Java\jdk1.8.0_141\jre\lib\ext\jaccess.jar;C:\Program Files\Java\jdk1.8.0_141\jre\lib\ext\jfxrt.jar;C:\Program Files\Java\jdk1.8.0_141\jre\lib\ext\localedata.jar;C:\Program Files\Java\jdk1.8.0_141\jre\lib\ext\nashorn.jar;C:\Program Files\Java\jdk1.8.0_141\jre\lib\ext\sunec.jar;C:\Program Files\Java\jdk1.8.0_141\jre\lib\ext\sunjce_provider.jar;C:\Program Files\Java\jdk1.8.0_141\jre\lib\ext\sunmscapi.jar;C:\Program Files\Java\jdk1.8.0_141\jre\lib\ext\sunpkcs11.jar;C:\Program Files\Java\jdk1.8.0_141\jre\lib\ext\zipfs.jar;C:\Program Files\Java\jdk1.8.0_141\jre\lib\javaws.jar;C:\Program Files\Java\jdk1.8.0_141\jre\lib\jce.jar;C:\Program Files\Java\jdk1.8.0_141\jre\lib\jfr.jar;C:\Program Files\Java\jdk1.8.0_141\jre\lib\jfxswt.jar;C:\Program Files\Java\jdk1.8.0_141\jre\lib\jsse.jar;C:\Program Files\Java\jdk1.8.0_141\jre\lib\management-agent.jar;C:\Program Files\Java\jdk1.8.0_141\jre\lib\plugin.jar;C:\Program Files\Java\jdk1.8.0_141\jre\lib\resources.jar;C:\Program Files\Java\jdk1.8.0_141\jre\lib\rt.jar;D:\Code\Java\Projects\WireEngine30\out\production\WireEngine30;D:\Code\Java\Projects\WireEngine30\lib\lwjgl.jar;D:\Code\Java\Projects\WireEngine30\lib\lwjgl_util.jar;D:\Code\Java\Projects\WireEngine30\lib\slick-util.jar;D:\Code\Java\Projects\WireEngine30\lib\lwjgl-glfw.jar;D:\Code\Java\Projects\WireEngine30\lib\lwjgl-opengl.jar;D:\Program Files\JetBrains\IntelliJ IDEA 2017.2.2\lib\idea_rt.jar
Launcher Type: SUN_STANDARD

Environment Variables:
JAVA_HOME=C:\Program Files\Java\jdk1.8.0_141
PATH=C:\ProgramData\Oracle\Java\javapath;C:\Program Files (x86)\Razer Chroma SDK\bin;C:\Program Files\Razer Chroma SDK\bin;C:\WINDOWS\system32;C:\WINDOWS;C:\WINDOWS\System32\Wbem;C:\WINDOWS\System32\WindowsPowerShell\v1.0\;C:\WINDOWS\system32\config\systemprofile\AppData\Local\Microsoft\WindowsApps;C:\Program Files (x86)\GtkSharp\2.12\bin;C:\Program Files (x86)\NVIDIA Corporation\PhysX\Common;C:\WINDOWS\system32;C:\WINDOWS;C:\WINDOWS\System32\Wbem;C:\WINDOWS\System32\WindowsPowerShell\v1.0\;D:\Program Files (x86)\Gource\cmd;C:\Program Files\Microsoft SQL Server\130\Tools\Binn\;C:\Program Files\dotnet\;D:\Program Files\Git\cmd;C:\Users\Kelan\AppData\Local\Microsoft\WindowsApps;
USERNAME=Kelan
OS=Windows_NT
PROCESSOR_IDENTIFIER=Intel64 Family 6 Model 60 Stepping 3, GenuineIntel



---------------  S Y S T E M  ---------------

OS: Windows 10.0 , 64 bit Build 15063 (10.0.15063.296)

CPU:total 8 (initial active 8) (4 cores per cpu, 2 threads per core) family 6 model 60 stepping 3, cmov, cx8, fxsr, mmx, sse, sse2, sse3, ssse3, sse4.1, sse4.2, popcnt, avx, avx2, aes, clmul, erms, lzcnt, ht, tsc, tscinvbit, bmi1, bmi2

Memory: 4k page, physical 16609500k(9784564k free), swap 18706652k(8662408k free)

vm_info: Java HotSpot(TM) 64-Bit Server VM (25.141-b15) for windows-amd64 JRE (1.8.0_141-b15), built on Jul 12 2017 04:25:12 by "java_re" with MS VC++ 10.0 (VS2010)

time: Sat Oct 14 17:33:02 2017
elapsed time: 2 seconds (0d 0h 0m 2s)

