#
# A fatal error has been detected by the Java Runtime Environment:
#
#  EXCEPTION_ACCESS_VIOLATION (0xc0000005) at pc=0x00007ffb006c846d, pid=21856, tid=0x0000000000003988
#
# JRE version: Java(TM) SE Runtime Environment (8.0_141-b15) (build 1.8.0_141-b15)
# Java VM: Java HotSpot(TM) 64-Bit Server VM (25.141-b15 mixed mode windows-amd64 compressed oops)
# Problematic frame:
# C  [lwjgl_opengl.dll+0x846d]
#
# Failed to write core dump. Minidumps are not enabled by default on client versions of Windows
#
# If you would like to submit a bug report, please visit:
#   http://bugreport.java.com/bugreport/crash.jsp
# The crash happened outside the Java Virtual Machine in native code.
# See problematic frame for where to report the bug.
#

---------------  T H R E A D  ---------------

Current thread (0x000000000099e800):  JavaThread "main" [_thread_in_native, id=14728, stack(0x00000000022a0000,0x00000000023a0000)]

siginfo: ExceptionCode=0xc0000005, reading address 0x0000000000000f70

Registers:
RAX=0x0000000065a01d50, RBX=0x000000001b968588, RCX=0x0000000000000001, RDX=0x000000001f0fc26c
RSP=0x000000000239f0c8, RBP=0x000000000239f150, RSI=0x000000076b86a170, RDI=0x00000000024a7f10
R8 =0x0000000000000001, R9 =0x000000001f0fc26c, R10=0x0000000000000000, R11=0x000000006548bc50
R12=0x0000000000000000, R13=0x000000001b968588, R14=0x000000000239f180, R15=0x000000000099e800
RIP=0x00007ffb006c846d, EFLAGS=0x0000000000010202

Top of Stack: (sp=0x000000000239f0c8)
0x000000000239f0c8:   00000000024c100c 00000000024a7f10
0x000000000239f0d8:   00000000024c0a5d 000000000099e800
0x000000000239f0e8:   000000001b968588 000000076b86a170
0x000000000239f0f8:   000000000099e800 000000000239f1f8
0x000000000239f108:   00000000024c0a22 000000000239f110
0x000000000239f118:   000000001b968588 000000000239f180
0x000000000239f128:   000000001b9810d0 0000000000000000
0x000000000239f138:   000000001b968588 0000000000000000
0x000000000239f148:   000000000239f170 000000000239f1c8
0x000000000239f158:   00000000024a83fd 000000076c1528b0
0x000000000239f168:   00000000024b71b8 000000001f0fc26c
0x000000000239f178:   000000076c32f3f8 0000000000000001
0x000000000239f188:   000000000239f188 000000001b9686fc
0x000000000239f198:   000000000239f1f8 000000001b9810d0
0x000000000239f1a8:   0000000000000000 000000001b968768
0x000000000239f1b8:   000000000239f170 000000000239f200 

Instructions: (pc=0x00007ffb006c846d)
0x00007ffb006c844d:   49 ff a2 30 0a 00 00 cc cc cc cc cc cc cc cc cc
0x00007ffb006c845d:   cc cc cc 48 8b 01 49 8b d1 41 8b c8 4c 8b 50 18
0x00007ffb006c846d:   49 ff a2 70 0f 00 00 cc cc cc cc cc cc cc cc cc
0x00007ffb006c847d:   cc cc cc 48 8b 01 48 8b 48 18 48 8b 81 78 1c 00 


Register to memory mapping:

RAX=0x0000000065a01d50 is an unknown value
RBX={method} {0x000000001b968590} 'nglGenVertexArrays' '(IJ)V' in 'org/lwjgl/opengl/GL30'
RCX=0x0000000000000001 is an unknown value
RDX=0x000000001f0fc26c is an unknown value
RSP=0x000000000239f0c8 is pointing into the stack for thread: 0x000000000099e800
RBP=0x000000000239f150 is pointing into the stack for thread: 0x000000000099e800
RSI=0x000000076b86a170 is an oop
java.lang.ThreadLocal$ThreadLocalMap 
 - klass: 'java/lang/ThreadLocal$ThreadLocalMap'
RDI=0x00000000024a7f10 is at code_begin+1040 in an Interpreter codelet
invoke return entry points  [0x00000000024a7b00, 0x00000000024a84e0]  2528 bytes
R8 =0x0000000000000001 is an unknown value
R9 =0x000000001f0fc26c is an unknown value
R10=0x0000000000000000 is an unknown value
R11=0x000000006548bc50 is an unknown value
R12=0x0000000000000000 is an unknown value
R13={method} {0x000000001b968590} 'nglGenVertexArrays' '(IJ)V' in 'org/lwjgl/opengl/GL30'
R14=0x000000000239f180 is pointing into the stack for thread: 0x000000000099e800
R15=0x000000000099e800 is a thread


Stack: [0x00000000022a0000,0x00000000023a0000],  sp=0x000000000239f0c8,  free space=1020k
Native frames: (J=compiled Java code, j=interpreted, Vv=VM code, C=native code)
C  [lwjgl_opengl.dll+0x846d]

Java frames: (J=compiled Java code, j=interpreted, Vv=VM code)
j  org.lwjgl.opengl.GL30.nglGenVertexArrays(IJ)V+0
j  org.lwjgl.opengl.GL30.glGenVertexArrays()I+20
j  wireengine.core.rendering.geometry.GLMesh.create(F)Lwireengine/core/rendering/geometry/Mesh;+10
j  wireengine.core.rendering.geometry.GLMesh.create()Lwireengine/core/rendering/geometry/Mesh;+2
j  createCuboid(FFF)Lwireengine/core/rendering/geometry/Mesh;+398
j  wireengine.core.entity.Player.init()V+47
j  wireengine.testgame.TestGame.preInit()V+77
j  wireengine.core.WireEngine.createEngine(Lwireengine/testgame/Game;)V+83
j  wireengine.testgame.TestGame.main([Ljava/lang/String;)V+14
v  ~StubRoutines::call_stub

---------------  P R O C E S S  ---------------

Java Threads: ( => current thread )
  0x000000001ef66800 JavaThread "PHYSICS-THREAD" [_thread_in_Java, id=26484, stack(0x000000001f740000,0x000000001f840000)]
  0x000000001ef65800 JavaThread "RENDER-THREAD" [_thread_in_Java, id=31380, stack(0x000000001f640000,0x000000001f740000)]
  0x000000001de3a000 JavaThread "Service Thread" daemon [_thread_blocked, id=28024, stack(0x000000001ec40000,0x000000001ed40000)]
  0x000000001de02800 JavaThread "C1 CompilerThread3" daemon [_thread_blocked, id=20668, stack(0x000000001eb40000,0x000000001ec40000)]
  0x000000001dda6000 JavaThread "C2 CompilerThread2" daemon [_thread_blocked, id=29008, stack(0x000000001ea40000,0x000000001eb40000)]
  0x000000001dda5800 JavaThread "C2 CompilerThread1" daemon [_thread_blocked, id=16580, stack(0x000000001e940000,0x000000001ea40000)]
  0x000000001ddaa000 JavaThread "C2 CompilerThread0" daemon [_thread_blocked, id=27996, stack(0x000000001e840000,0x000000001e940000)]
  0x000000001dd90000 JavaThread "JDWP Command Reader" daemon [_thread_in_native, id=29932, stack(0x000000001e740000,0x000000001e840000)]
  0x000000001dd8e800 JavaThread "JDWP Event Helper Thread" daemon [_thread_blocked, id=25824, stack(0x000000001e640000,0x000000001e740000)]
  0x000000001dd80800 JavaThread "JDWP Transport Listener: dt_socket" daemon [_thread_blocked, id=8640, stack(0x000000001e540000,0x000000001e640000)]
  0x000000001dd78800 JavaThread "Attach Listener" daemon [_thread_blocked, id=6684, stack(0x000000001e440000,0x000000001e540000)]
  0x000000001dd77800 JavaThread "Signal Dispatcher" daemon [_thread_blocked, id=13696, stack(0x000000001e340000,0x000000001e440000)]
  0x000000001dd70800 JavaThread "Finalizer" daemon [_thread_blocked, id=18344, stack(0x000000001e150000,0x000000001e250000)]
  0x0000000002499000 JavaThread "Reference Handler" daemon [_thread_blocked, id=23792, stack(0x000000001dc50000,0x000000001dd50000)]
=>0x000000000099e800 JavaThread "main" [_thread_in_native, id=14728, stack(0x00000000022a0000,0x00000000023a0000)]

Other Threads:
  0x000000001be3a000 VMThread [stack: 0x000000001db50000,0x000000001dc50000] [id=9880]
  0x000000001de44800 WatcherThread [stack: 0x000000001ed40000,0x000000001ee40000] [id=29580]

VM state:not at safepoint (normal execution)

VM Mutex/Monitor currently owned by a thread: None

Heap:
 PSYoungGen      total 75776K, used 11705K [0x000000076b800000, 0x0000000770c80000, 0x00000007c0000000)
  eden space 65024K, 18% used [0x000000076b800000,0x000000076c36e7b0,0x000000076f780000)
  from space 10752K, 0% used [0x0000000770200000,0x0000000770200000,0x0000000770c80000)
  to   space 10752K, 0% used [0x000000076f780000,0x000000076f780000,0x0000000770200000)
 ParOldGen       total 173568K, used 0K [0x00000006c2800000, 0x00000006cd180000, 0x000000076b800000)
  object space 173568K, 0% used [0x00000006c2800000,0x00000006c2800000,0x00000006cd180000)
 Metaspace       used 7127K, capacity 7360K, committed 7552K, reserved 1056768K
  class space    used 786K, capacity 864K, committed 896K, reserved 1048576K

Card table byte_map: [0x0000000011860000,0x0000000012050000] byte_map_base: 0x000000000e24c000

Marking Bits: (ParMarkBitMap*) 0x0000000065a7d850
 Begin Bits: [0x0000000012da0000, 0x0000000016d00000)
 End Bits:   [0x0000000016d00000, 0x000000001ac60000)

Polling page: 0x0000000000960000

CodeCache: size=245760Kb used=2195Kb max_used=2200Kb free=243565Kb
 bounds [0x00000000024a0000, 0x0000000002710000, 0x00000000114a0000]
 total_blobs=864 nmethods=509 adapters=276
 compilation: enabled

Compilation events (10 events):
Event: 0.609 Thread 0x000000001de02800  505       3       java.util.WeakHashMap::maskNull (12 bytes)
Event: 0.609 Thread 0x000000001de02800 nmethod 505 0x00000000026c51d0 code [0x00000000026c5320, 0x00000000026c54b0]
Event: 0.609 Thread 0x000000001de02800  506       3       java.util.WeakHashMap::hash (28 bytes)
Event: 0.609 Thread 0x000000001de02800 nmethod 506 0x00000000026c4d50 code [0x00000000026c4ec0, 0x00000000026c5108]
Event: 0.611 Thread 0x000000001de02800  507       3       java.lang.ref.Finalizer::register (10 bytes)
Event: 0.612 Thread 0x000000001de02800 nmethod 507 0x00000000026c4590 code [0x00000000026c4720, 0x00000000026c4b68]
Event: 0.612 Thread 0x000000001de02800  508       3       java.lang.ref.Finalizer::<init> (23 bytes)
Event: 0.612 Thread 0x000000001de02800 nmethod 508 0x00000000026c3f10 code [0x00000000026c40a0, 0x00000000026c4448]
Event: 0.612 Thread 0x000000001de02800  509       3       sun.misc.PerfCounter::addElapsedTimeFrom (10 bytes)
Event: 0.612 Thread 0x000000001de02800 nmethod 509 0x00000000026c3250 code [0x00000000026c3400, 0x00000000026c3b58]

GC Heap History (0 events):
No events

Deoptimization events (1 events):
Event: 0.472 Thread 0x000000000099e800 Uncommon trap: reason=unstable_if action=reinterpret pc=0x000000000266df50 method=java.lang.String.indexOf([CII[CIII)I @ 134

Internal exceptions (10 events):
Event: 0.035 Thread 0x000000000099e800 Exception <a 'java/lang/NoSuchMethodError': Method sun.misc.Unsafe.defineClass(Ljava/lang/String;[BII)Ljava/lang/Class; name or signature does not match> (0x000000076b807ca8) thrown at [C:\re\workspace\8-2-build-windows-amd64-cygwin\jdk8u141\9370\hotspot\
Event: 0.035 Thread 0x000000000099e800 Exception <a 'java/lang/NoSuchMethodError': Method sun.misc.Unsafe.prefetchRead(Ljava/lang/Object;J)V name or signature does not match> (0x000000076b807f90) thrown at [C:\re\workspace\8-2-build-windows-amd64-cygwin\jdk8u141\9370\hotspot\src\share\vm\prims
Event: 0.344 Thread 0x000000000099e800 Exception <a 'java/lang/NoSuchFieldError': method resolution failed> (0x000000076bcedcd0) thrown at [C:\re\workspace\8-2-build-windows-amd64-cygwin\jdk8u141\9370\hotspot\src\share\vm\prims\methodHandles.cpp, line 1146]
Event: 0.345 Thread 0x000000000099e800 Exception <a 'java/lang/NoSuchFieldError': method resolution failed> (0x000000076bcfb050) thrown at [C:\re\workspace\8-2-build-windows-amd64-cygwin\jdk8u141\9370\hotspot\src\share\vm\prims\methodHandles.cpp, line 1146]
Event: 0.406 Thread 0x000000000099e800 Exception <a 'java/security/PrivilegedActionException'> (0x000000076bdd8ae0) thrown at [C:\re\workspace\8-2-build-windows-amd64-cygwin\jdk8u141\9370\hotspot\src\share\vm\prims\jvm.cpp, line 1390]
Event: 0.406 Thread 0x000000000099e800 Exception <a 'java/security/PrivilegedActionException'> (0x000000076bdd8ed8) thrown at [C:\re\workspace\8-2-build-windows-amd64-cygwin\jdk8u141\9370\hotspot\src\share\vm\prims\jvm.cpp, line 1390]
Event: 0.407 Thread 0x000000000099e800 Exception <a 'java/security/PrivilegedActionException'> (0x000000076bddd290) thrown at [C:\re\workspace\8-2-build-windows-amd64-cygwin\jdk8u141\9370\hotspot\src\share\vm\prims\jvm.cpp, line 1390]
Event: 0.407 Thread 0x000000000099e800 Exception <a 'java/security/PrivilegedActionException'> (0x000000076bddd688) thrown at [C:\re\workspace\8-2-build-windows-amd64-cygwin\jdk8u141\9370\hotspot\src\share\vm\prims\jvm.cpp, line 1390]
Event: 0.425 Thread 0x000000000099e800 Exception <a 'java/io/FileNotFoundException'> (0x000000076be2f868) thrown at [C:\re\workspace\8-2-build-windows-amd64-cygwin\jdk8u141\9370\hotspot\src\share\vm\prims\jni.cpp, line 709]
Event: 0.512 Thread 0x000000000099e800 Exception <a 'java/lang/NoSuchMethodError': java.lang.Object.lambda$static$0(Ljava/lang/String;)Ljava/lang/Boolean;> (0x000000076c228cd8) thrown at [C:\re\workspace\8-2-build-windows-amd64-cygwin\jdk8u141\9370\hotspot\src\share\vm\interpreter\linkResolver

Events (10 events):
Event: 0.612 Thread 0x000000000099e800 DEOPT PACKING pc=0x000000000265f7a4 sp=0x000000000239a6e0
Event: 0.612 Thread 0x000000000099e800 DEOPT UNPACKING pc=0x00000000024e787f sp=0x000000000239a500 mode 1
Event: 0.612 Thread 0x000000000099e800 DEOPT PACKING pc=0x000000000265f53c sp=0x000000000239a870
Event: 0.612 Thread 0x000000000099e800 DEOPT UNPACKING pc=0x00000000024e787f sp=0x000000000239a690 mode 1
Event: 0.612 loading class org/lwjgl/system/SharedLibrary$Delegate
Event: 0.612 loading class org/lwjgl/system/SharedLibrary$Delegate done
Event: 0.612 Thread 0x000000000099e800 DEOPT PACKING pc=0x000000000265f7a4 sp=0x00000000023981c0
Event: 0.612 Thread 0x000000000099e800 DEOPT UNPACKING pc=0x00000000024e787f sp=0x0000000002397fe0 mode 1
Event: 0.612 Thread 0x000000000099e800 DEOPT PACKING pc=0x000000000265f53c sp=0x0000000002398350
Event: 0.612 Thread 0x000000000099e800 DEOPT UNPACKING pc=0x00000000024e787f sp=0x0000000002398170 mode 1


Dynamic libraries:
0x00007ff6e3960000 - 0x00007ff6e3997000 	C:\Program Files\Java\jdk1.8.0_141\bin\java.exe
0x00007ffb23bf0000 - 0x00007ffb23dcb000 	C:\WINDOWS\SYSTEM32\ntdll.dll
0x00007ffb22bf0000 - 0x00007ffb22c9e000 	C:\WINDOWS\System32\KERNEL32.DLL
0x00007ffb206e0000 - 0x00007ffb20929000 	C:\WINDOWS\System32\KERNELBASE.dll
0x00007ffb22590000 - 0x00007ffb22631000 	C:\WINDOWS\System32\ADVAPI32.dll
0x00007ffb22ee0000 - 0x00007ffb22f7d000 	C:\WINDOWS\System32\msvcrt.dll
0x00007ffb237e0000 - 0x00007ffb23839000 	C:\WINDOWS\System32\sechost.dll
0x00007ffb239b0000 - 0x00007ffb23ad5000 	C:\WINDOWS\System32\RPCRT4.dll
0x00007ffb22700000 - 0x00007ffb2284a000 	C:\WINDOWS\System32\USER32.dll
0x00007ffb20930000 - 0x00007ffb2094e000 	C:\WINDOWS\System32\win32u.dll
0x00007ffb22ca0000 - 0x00007ffb22cc7000 	C:\WINDOWS\System32\GDI32.dll
0x00007ffb20330000 - 0x00007ffb204b7000 	C:\WINDOWS\System32\gdi32full.dll
0x00007ffb210b0000 - 0x00007ffb2114a000 	C:\WINDOWS\System32\msvcp_win.dll
0x00007ffb20180000 - 0x00007ffb20276000 	C:\WINDOWS\System32\ucrtbase.dll
0x00007ffb0ddc0000 - 0x00007ffb0e027000 	C:\WINDOWS\WinSxS\amd64_microsoft.windows.common-controls_6595b64144ccf1df_6.0.15063.483_none_26002d27e7c744a2\COMCTL32.dll
0x00007ffb22850000 - 0x00007ffb22b49000 	C:\WINDOWS\System32\combase.dll
0x00007ffb20110000 - 0x00007ffb2017a000 	C:\WINDOWS\System32\bcryptPrimitives.dll
0x00007ffb23430000 - 0x00007ffb2345d000 	C:\WINDOWS\System32\IMM32.DLL
0x0000000065b00000 - 0x0000000065bd2000 	C:\Program Files\Java\jdk1.8.0_141\jre\bin\msvcr100.dll
0x0000000065260000 - 0x0000000065afd000 	C:\Program Files\Java\jdk1.8.0_141\jre\bin\server\jvm.dll
0x00007ffb22e70000 - 0x00007ffb22e78000 	C:\WINDOWS\System32\PSAPI.DLL
0x00007ffb1cb90000 - 0x00007ffb1cb9a000 	C:\WINDOWS\SYSTEM32\VERSION.dll
0x00007ffb13560000 - 0x00007ffb13569000 	C:\WINDOWS\SYSTEM32\WSOCK32.dll
0x00007ffb166c0000 - 0x00007ffb166e3000 	C:\WINDOWS\SYSTEM32\WINMM.dll
0x00007ffb236f0000 - 0x00007ffb2375c000 	C:\WINDOWS\System32\WS2_32.dll
0x00007ffb15310000 - 0x00007ffb1533b000 	C:\WINDOWS\SYSTEM32\WINMMBASE.dll
0x00007ffb20690000 - 0x00007ffb206d9000 	C:\WINDOWS\System32\cfgmgr32.dll
0x0000000065250000 - 0x000000006525f000 	C:\Program Files\Java\jdk1.8.0_141\jre\bin\verify.dll
0x0000000065220000 - 0x0000000065249000 	C:\Program Files\Java\jdk1.8.0_141\jre\bin\java.dll
0x00000000651e0000 - 0x0000000065215000 	C:\Program Files\Java\jdk1.8.0_141\jre\bin\jdwp.dll
0x00000000651d0000 - 0x00000000651d8000 	C:\Program Files\Java\jdk1.8.0_141\jre\bin\npt.dll
0x00000000651b0000 - 0x00000000651c6000 	C:\Program Files\Java\jdk1.8.0_141\jre\bin\zip.dll
0x00007ffb21150000 - 0x00007ffb22587000 	C:\WINDOWS\System32\SHELL32.dll
0x00007ffb235b0000 - 0x00007ffb2365a000 	C:\WINDOWS\System32\shcore.dll
0x00007ffb20950000 - 0x00007ffb21041000 	C:\WINDOWS\System32\windows.storage.dll
0x00007ffb22e80000 - 0x00007ffb22ed1000 	C:\WINDOWS\System32\shlwapi.dll
0x00007ffb200d0000 - 0x00007ffb200e1000 	C:\WINDOWS\System32\kernel.appcore.dll
0x00007ffb20060000 - 0x00007ffb200ac000 	C:\WINDOWS\System32\powrprof.dll
0x00007ffb200b0000 - 0x00007ffb200c5000 	C:\WINDOWS\System32\profapi.dll
0x00000000651a0000 - 0x00000000651a9000 	C:\Program Files\Java\jdk1.8.0_141\jre\bin\dt_socket.dll
0x00007ffb1f970000 - 0x00007ffb1f9cc000 	C:\WINDOWS\system32\mswsock.dll
0x00007ffb0c3f0000 - 0x00007ffb0c448000 	D:\Code\Java\Projects\WireEngine30\lib\natives\lwjgl.dll
0x0000000065180000 - 0x000000006519a000 	C:\Program Files\Java\jdk1.8.0_141\jre\bin\net.dll
0x0000000065160000 - 0x0000000065171000 	C:\Program Files\Java\jdk1.8.0_141\jre\bin\nio.dll
0x00007ffb006c0000 - 0x00007ffb0071f000 	D:\Code\Java\Projects\WireEngine30\lib\natives\lwjgl_opengl.dll
0x00007ffb02d60000 - 0x00007ffb02e81000 	C:\WINDOWS\SYSTEM32\opengl32.dll
0x00007ffb0d9b0000 - 0x00007ffb0d9dc000 	C:\WINDOWS\SYSTEM32\GLU32.dll
0x00007ffb16010000 - 0x00007ffb161b9000 	C:\WINDOWS\SYSTEM32\dbghelp.dll

VM Arguments:
jvm_args: -agentlib:jdwp=transport=dt_socket,address=127.0.0.1:15384,suspend=y,server=n -Djava.library.path=lib/natives -Dfile.encoding=UTF-8 
java_command: wireengine.testgame.TestGame -maxfps 360 -maxtps 120 -playername Kelan
java_class_path (initial): C:\Program Files\Java\jdk1.8.0_141\jre\lib\charsets.jar;C:\Program Files\Java\jdk1.8.0_141\jre\lib\deploy.jar;C:\Program Files\Java\jdk1.8.0_141\jre\lib\ext\access-bridge-64.jar;C:\Program Files\Java\jdk1.8.0_141\jre\lib\ext\cldrdata.jar;C:\Program Files\Java\jdk1.8.0_141\jre\lib\ext\dnsns.jar;C:\Program Files\Java\jdk1.8.0_141\jre\lib\ext\jaccess.jar;C:\Program Files\Java\jdk1.8.0_141\jre\lib\ext\jfxrt.jar;C:\Program Files\Java\jdk1.8.0_141\jre\lib\ext\localedata.jar;C:\Program Files\Java\jdk1.8.0_141\jre\lib\ext\nashorn.jar;C:\Program Files\Java\jdk1.8.0_141\jre\lib\ext\sunec.jar;C:\Program Files\Java\jdk1.8.0_141\jre\lib\ext\sunjce_provider.jar;C:\Program Files\Java\jdk1.8.0_141\jre\lib\ext\sunmscapi.jar;C:\Program Files\Java\jdk1.8.0_141\jre\lib\ext\sunpkcs11.jar;C:\Program Files\Java\jdk1.8.0_141\jre\lib\ext\zipfs.jar;C:\Program Files\Java\jdk1.8.0_141\jre\lib\javaws.jar;C:\Program Files\Java\jdk1.8.0_141\jre\lib\jce.jar;C:\Program Files\Java\jdk1.8.0_141\jre\lib\jfr.jar;C:\Program Files\Java\jdk1.8.0_141\jre\lib\jfxswt.jar;C:\Program Files\Java\jdk1.8.0_141\jre\lib\jsse.jar;C:\Program Files\Java\jdk1.8.0_141\jre\lib\management-agent.jar;C:\Program Files\Java\jdk1.8.0_141\jre\lib\plugin.jar;C:\Program Files\Java\jdk1.8.0_141\jre\lib\resources.jar;C:\Program Files\Java\jdk1.8.0_141\jre\lib\rt.jar;D:\Code\Java\Projects\WireEngine30\out\production\WireEngine30;D:\Code\Java\Projects\WireEngine30\lib\lwjgl.jar;D:\Code\Java\Projects\WireEngine30\lib\lwjgl-opengl.jar;D:\Code\Java\Projects\WireEngine30\lib\TWL.jar;D:\Code\Java\Projects\WireEngine30\lib\lwjgl-glfw.jar;D:\Code\Java\Projects\WireEngine30\lib\slick-util.jar;D:\Code\Java\Projects\WireEngine30\lib\lwjgl_util.jar;D:\Program Files\JetBrains\IntelliJ IDEA 2017.2.2\lib\idea_rt.jar
Launcher Type: SUN_STANDARD

Environment Variables:
JAVA_HOME=C:\Program Files\Java\jdk1.8.0_141
PATH=C:\ProgramData\Oracle\Java\javapath;C:\Program Files (x86)\Razer Chroma SDK\bin;C:\Program Files\Razer Chroma SDK\bin;C:\WINDOWS\system32;C:\WINDOWS;C:\WINDOWS\System32\Wbem;C:\WINDOWS\System32\WindowsPowerShell\v1.0\;C:\Program Files (x86)\GtkSharp\2.12\bin;C:\Program Files (x86)\NVIDIA Corporation\PhysX\Common;C:\WINDOWS\system32;C:\WINDOWS;C:\WINDOWS\System32\Wbem;C:\WINDOWS\System32\WindowsPowerShell\v1.0\;D:\Program Files (x86)\Gource\cmd;C:\Program Files\Microsoft SQL Server\130\Tools\Binn\;C:\Program Files\dotnet\;D:\Program Files\Git\cmd;C:\Users\Kelan\AppData\Local\Microsoft\WindowsApps;
USERNAME=Kelan
OS=Windows_NT
PROCESSOR_IDENTIFIER=Intel64 Family 6 Model 60 Stepping 3, GenuineIntel



---------------  S Y S T E M  ---------------

OS: Windows 10.0 , 64 bit Build 15063 (10.0.15063.296)

CPU:total 8 (initial active 8) (4 cores per cpu, 2 threads per core) family 6 model 60 stepping 3, cmov, cx8, fxsr, mmx, sse, sse2, sse3, ssse3, sse4.1, sse4.2, popcnt, avx, avx2, aes, clmul, erms, lzcnt, ht, tsc, tscinvbit, bmi1, bmi2

Memory: 4k page, physical 16609500k(9198012k free), swap 18706652k(9088168k free)

vm_info: Java HotSpot(TM) 64-Bit Server VM (25.141-b15) for windows-amd64 JRE (1.8.0_141-b15), built on Jul 12 2017 04:25:12 by "java_re" with MS VC++ 10.0 (VS2010)

time: Fri Nov 17 17:29:49 2017
elapsed time: 0 seconds (0d 0h 0m 0s)

