#
# A fatal error has been detected by the Java Runtime Environment:
#
#  EXCEPTION_ACCESS_VIOLATION (0xc0000005) at pc=0x00007ffef047846d, pid=9352, tid=0x0000000000007ffc
#
# JRE version: Java(TM) SE Runtime Environment (8.0_141-b15) (build 1.8.0_141-b15)
# Java VM: Java HotSpot(TM) 64-Bit Server VM (25.141-b15 mixed mode windows-amd64 compressed oops)
# Problematic frame:
# C  [lwjgl_opengl.dll+0x846d]
#
# Failed to write core dump. Minidumps are not enabled by default on client versions of Windows
#
# If you would like to submit a bug report, please visit:
#   http://bugreport.java.com/bugreport/crash.jsp
# The crash happened outside the Java Virtual Machine in native code.
# See problematic frame for where to report the bug.
#

---------------  T H R E A D  ---------------

Current thread (0x0000000002d52800):  JavaThread "main" [_thread_in_native, id=32764, stack(0x0000000002ba0000,0x0000000002ca0000)]

siginfo: ExceptionCode=0xc0000005, reading address 0x0000000000000f70

Registers:
RAX=0x0000000069fd1d50, RBX=0x0000000020aa4c08, RCX=0x0000000000000001, RDX=0x000000002423d26c
RSP=0x0000000002c9eed8, RBP=0x0000000002c9ef60, RSI=0x00000007430698e0, RDI=0x0000000002f27f10
R8 =0x0000000000000001, R9 =0x000000002423d26c, R10=0x0000000000000000, R11=0x0000000069a5bc50
R12=0x0000000000000000, R13=0x0000000020aa4c08, R14=0x0000000002c9ef90, R15=0x0000000002d52800
RIP=0x00007ffef047846d, EFLAGS=0x0000000000010202

Top of Stack: (sp=0x0000000002c9eed8)
0x0000000002c9eed8:   0000000002f4100c 0000000002f27f10
0x0000000002c9eee8:   0000000002f40a5d 0000000002d52800
0x0000000002c9eef8:   0000000020aa4c08 00000007430698e0
0x0000000002c9ef08:   0000000002d52800 0000000002c9f008
0x0000000002c9ef18:   0000000002f40a22 0000000002c9ef20
0x0000000002c9ef28:   0000000020aa4c08 0000000002c9ef90
0x0000000002c9ef38:   0000000020abd758 0000000000000000
0x0000000002c9ef48:   0000000020aa4c08 0000000000000000
0x0000000002c9ef58:   0000000002c9ef80 0000000002c9efd8
0x0000000002c9ef68:   0000000002f283fd 00000007436521d8
0x0000000002c9ef78:   0000000002f371b8 000000002423d26c
0x0000000002c9ef88:   0000000743aba6b0 0000000000000001
0x0000000002c9ef98:   0000000002c9ef98 0000000020aa4d7c
0x0000000002c9efa8:   0000000002c9f008 0000000020abd758
0x0000000002c9efb8:   0000000000000000 0000000020aa4de8
0x0000000002c9efc8:   0000000002c9ef80 0000000002c9f010 

Instructions: (pc=0x00007ffef047846d)
0x00007ffef047844d:   49 ff a2 30 0a 00 00 cc cc cc cc cc cc cc cc cc
0x00007ffef047845d:   cc cc cc 48 8b 01 49 8b d1 41 8b c8 4c 8b 50 18
0x00007ffef047846d:   49 ff a2 70 0f 00 00 cc cc cc cc cc cc cc cc cc
0x00007ffef047847d:   cc cc cc 48 8b 01 48 8b 48 18 48 8b 81 78 1c 00 


Register to memory mapping:

RAX=0x0000000069fd1d50 is an unknown value
RBX={method} {0x0000000020aa4c10} 'nglGenVertexArrays' '(IJ)V' in 'org/lwjgl/opengl/GL30'
RCX=0x0000000000000001 is an unknown value
RDX=0x000000002423d26c is an unknown value
RSP=0x0000000002c9eed8 is pointing into the stack for thread: 0x0000000002d52800
RBP=0x0000000002c9ef60 is pointing into the stack for thread: 0x0000000002d52800
RSI=0x00000007430698e0 is an oop
java.lang.ThreadLocal$ThreadLocalMap 
 - klass: 'java/lang/ThreadLocal$ThreadLocalMap'
RDI=0x0000000002f27f10 is at code_begin+1040 in an Interpreter codelet
invoke return entry points  [0x0000000002f27b00, 0x0000000002f284e0]  2528 bytes
R8 =0x0000000000000001 is an unknown value
R9 =0x000000002423d26c is an unknown value
R10=0x0000000000000000 is an unknown value
R11=0x0000000069a5bc50 is an unknown value
R12=0x0000000000000000 is an unknown value
R13={method} {0x0000000020aa4c10} 'nglGenVertexArrays' '(IJ)V' in 'org/lwjgl/opengl/GL30'
R14=0x0000000002c9ef90 is pointing into the stack for thread: 0x0000000002d52800
R15=0x0000000002d52800 is a thread


Stack: [0x0000000002ba0000,0x0000000002ca0000],  sp=0x0000000002c9eed8,  free space=1019k
Native frames: (J=compiled Java code, j=interpreted, Vv=VM code, C=native code)
C  [lwjgl_opengl.dll+0x846d]

Java frames: (J=compiled Java code, j=interpreted, Vv=VM code)
j  org.lwjgl.opengl.GL30.nglGenVertexArrays(IJ)V+0
j  org.lwjgl.opengl.GL30.glGenVertexArrays()I+20
j  wireengine.core.rendering.geometry.Mesh.create(F)Lwireengine/core/rendering/geometry/Mesh;+10
j  wireengine.core.rendering.geometry.Mesh.create()Lwireengine/core/rendering/geometry/Mesh;+2
j  wireengine.core.level.Level.<init>()V+9
j  wireengine.core.level.LevelLoader.loadLevel(Ljava/lang/String;)Lwireengine/core/level/Level;+4
j  wireengine.testgame.TestGame.preInit()V+52
j  wireengine.core.WireEngine.createEngine(Lwireengine/testgame/Game;)V+83
j  wireengine.testgame.TestGame.main([Ljava/lang/String;)V+8
v  ~StubRoutines::call_stub

---------------  P R O C E S S  ---------------

Java Threads: ( => current thread )
  0x00000000240cf800 JavaThread "PHYSICS-THREAD" [_thread_in_Java, id=29072, stack(0x0000000024850000,0x0000000024950000)]
  0x00000000240cf000 JavaThread "RENDER-THREAD" [_thread_in_Java, id=26776, stack(0x0000000024750000,0x0000000024850000)]
  0x0000000022f38800 JavaThread "Service Thread" daemon [_thread_blocked, id=31764, stack(0x0000000023d50000,0x0000000023e50000)]
  0x0000000022f1d000 JavaThread "C1 CompilerThread3" daemon [_thread_blocked, id=11092, stack(0x0000000023c50000,0x0000000023d50000)]
  0x0000000022ebb800 JavaThread "C2 CompilerThread2" daemon [_thread_blocked, id=21852, stack(0x0000000023b50000,0x0000000023c50000)]
  0x0000000022ebb000 JavaThread "C2 CompilerThread1" daemon [_thread_blocked, id=17508, stack(0x0000000023a50000,0x0000000023b50000)]
  0x0000000022ebf800 JavaThread "C2 CompilerThread0" daemon [_thread_blocked, id=1296, stack(0x0000000023950000,0x0000000023a50000)]
  0x0000000022ea5800 JavaThread "JDWP Command Reader" daemon [_thread_in_native, id=32212, stack(0x0000000023850000,0x0000000023950000)]
  0x0000000022ea4000 JavaThread "JDWP Event Helper Thread" daemon [_thread_blocked, id=4344, stack(0x0000000023750000,0x0000000023850000)]
  0x0000000022e95000 JavaThread "JDWP Transport Listener: dt_socket" daemon [_thread_blocked, id=3648, stack(0x0000000023650000,0x0000000023750000)]
  0x0000000022e89000 JavaThread "Attach Listener" daemon [_thread_blocked, id=24932, stack(0x0000000023550000,0x0000000023650000)]
  0x0000000022e88000 JavaThread "Signal Dispatcher" daemon [_thread_blocked, id=14212, stack(0x0000000023450000,0x0000000023550000)]
  0x0000000022e81800 JavaThread "Finalizer" daemon [_thread_blocked, id=22608, stack(0x0000000023260000,0x0000000023360000)]
  0x0000000020f9d800 JavaThread "Reference Handler" daemon [_thread_blocked, id=23516, stack(0x0000000022d60000,0x0000000022e60000)]
=>0x0000000002d52800 JavaThread "main" [_thread_in_native, id=32764, stack(0x0000000002ba0000,0x0000000002ca0000)]

Other Threads:
  0x0000000020f99800 VMThread [stack: 0x0000000022c60000,0x0000000022d60000] [id=11720]
  0x0000000022f52800 WatcherThread [stack: 0x0000000023e50000,0x0000000023f50000] [id=18904]

VM state:not at safepoint (normal execution)

VM Mutex/Monitor currently owned by a thread: None

Heap:
 PSYoungGen      total 75776K, used 11704K [0x0000000743000000, 0x0000000748480000, 0x00000007c0000000)
  eden space 65024K, 18% used [0x0000000743000000,0x0000000743b6e3c0,0x0000000746f80000)
  from space 10752K, 0% used [0x0000000747a00000,0x0000000747a00000,0x0000000748480000)
  to   space 10752K, 0% used [0x0000000746f80000,0x0000000746f80000,0x0000000747a00000)
 ParOldGen       total 173568K, used 0K [0x0000000649000000, 0x0000000653980000, 0x0000000743000000)
  object space 173568K, 0% used [0x0000000649000000,0x0000000649000000,0x0000000653980000)
 Metaspace       used 6975K, capacity 7224K, committed 7296K, reserved 1056768K
  class space    used 774K, capacity 864K, committed 896K, reserved 1048576K

Card table byte_map: [0x00000000122e0000,0x0000000012ea0000] byte_map_base: 0x000000000f098000

Marking Bits: (ParMarkBitMap*) 0x000000006a04d850
 Begin Bits: [0x0000000013e70000, 0x0000000019c30000)
 End Bits:   [0x0000000019c30000, 0x000000001f9f0000)

Polling page: 0x00000000013c0000

CodeCache: size=245760Kb used=2118Kb max_used=2118Kb free=243641Kb
 bounds [0x0000000002f20000, 0x0000000003190000, 0x0000000011f20000]
 total_blobs=824 nmethods=475 adapters=270
 compilation: enabled

Compilation events (10 events):
Event: 0.360 Thread 0x0000000022ebb800 nmethod 452% 0x000000000312bfd0 code [0x000000000312c140, 0x000000000312cef8]
Event: 0.364 Thread 0x0000000022f1d000  470       3       java.lang.String::concat (47 bytes)
Event: 0.364 Thread 0x0000000022f1d000 nmethod 470 0x0000000003128550 code [0x0000000003128720, 0x0000000003128f18]
Event: 0.364 Thread 0x0000000022f1d000  472       3       java.nio.DirectLongBufferU::put (18 bytes)
Event: 0.365 Thread 0x0000000022f1d000 nmethod 472 0x0000000003128010 code [0x0000000003128180, 0x00000000031283f0]
Event: 0.365 Thread 0x0000000022f1d000  471       3       java.lang.String::getChars (16 bytes)
Event: 0.365 Thread 0x0000000022f1d000 nmethod 471 0x0000000003127b90 code [0x0000000003127d00, 0x0000000003127f28]
Event: 0.368 Thread 0x0000000022f1d000  473       1       sun.misc.URLClassPath$JarLoader::access$700 (5 bytes)
Event: 0.368 Thread 0x0000000022f1d000 nmethod 473 0x00000000031278d0 code [0x0000000003127a20, 0x0000000003127b10]
Event: 0.371 Thread 0x0000000022f1d000  475   !   3       java.net.URL::<init> (543 bytes)

GC Heap History (0 events):
No events

Deoptimization events (1 events):
Event: 0.284 Thread 0x0000000002d52800 Uncommon trap: reason=unstable_if action=reinterpret pc=0x00000000030ef690 method=java.lang.String.indexOf([CII[CIII)I @ 134

Internal exceptions (9 events):
Event: 0.036 Thread 0x0000000002d52800 Exception <a 'java/lang/NoSuchMethodError': Method sun.misc.Unsafe.defineClass(Ljava/lang/String;[BII)Ljava/lang/Class; name or signature does not match> (0x0000000743007ca8) thrown at [C:\re\workspace\8-2-build-windows-amd64-cygwin\jdk8u141\9370\hotspot\
Event: 0.036 Thread 0x0000000002d52800 Exception <a 'java/lang/NoSuchMethodError': Method sun.misc.Unsafe.prefetchRead(Ljava/lang/Object;J)V name or signature does not match> (0x0000000743007f90) thrown at [C:\re\workspace\8-2-build-windows-amd64-cygwin\jdk8u141\9370\hotspot\src\share\vm\prims
Event: 0.200 Thread 0x0000000002d52800 Exception <a 'java/lang/NoSuchFieldError': method resolution failed> (0x00000007434d66a0) thrown at [C:\re\workspace\8-2-build-windows-amd64-cygwin\jdk8u141\9370\hotspot\src\share\vm\prims\methodHandles.cpp, line 1146]
Event: 0.201 Thread 0x0000000002d52800 Exception <a 'java/lang/NoSuchFieldError': method resolution failed> (0x00000007434e3a20) thrown at [C:\re\workspace\8-2-build-windows-amd64-cygwin\jdk8u141\9370\hotspot\src\share\vm\prims\methodHandles.cpp, line 1146]
Event: 0.247 Thread 0x0000000002d52800 Exception <a 'java/security/PrivilegedActionException'> (0x00000007435c1428) thrown at [C:\re\workspace\8-2-build-windows-amd64-cygwin\jdk8u141\9370\hotspot\src\share\vm\prims\jvm.cpp, line 1390]
Event: 0.247 Thread 0x0000000002d52800 Exception <a 'java/security/PrivilegedActionException'> (0x00000007435c1820) thrown at [C:\re\workspace\8-2-build-windows-amd64-cygwin\jdk8u141\9370\hotspot\src\share\vm\prims\jvm.cpp, line 1390]
Event: 0.247 Thread 0x0000000002d52800 Exception <a 'java/security/PrivilegedActionException'> (0x00000007435c5b00) thrown at [C:\re\workspace\8-2-build-windows-amd64-cygwin\jdk8u141\9370\hotspot\src\share\vm\prims\jvm.cpp, line 1390]
Event: 0.247 Thread 0x0000000002d52800 Exception <a 'java/security/PrivilegedActionException'> (0x00000007435c5ef8) thrown at [C:\re\workspace\8-2-build-windows-amd64-cygwin\jdk8u141\9370\hotspot\src\share\vm\prims\jvm.cpp, line 1390]
Event: 0.307 Thread 0x0000000002d52800 Exception <a 'java/lang/NoSuchMethodError': java.lang.Object.lambda$static$0(Ljava/lang/String;)Ljava/lang/Boolean;> (0x00000007439b31e8) thrown at [C:\re\workspace\8-2-build-windows-amd64-cygwin\jdk8u141\9370\hotspot\src\share\vm\interpreter\linkResolver

Events (10 events):
Event: 0.371 Thread 0x0000000002d52800 DEOPT PACKING pc=0x00000000030de564 sp=0x0000000002c9a4e0
Event: 0.371 Thread 0x0000000002d52800 DEOPT UNPACKING pc=0x0000000002f6787f sp=0x0000000002c9a300 mode 1
Event: 0.371 Thread 0x0000000002d52800 DEOPT PACKING pc=0x00000000030de2fc sp=0x0000000002c9a670
Event: 0.371 Thread 0x0000000002d52800 DEOPT UNPACKING pc=0x0000000002f6787f sp=0x0000000002c9a490 mode 1
Event: 0.371 loading class org/lwjgl/system/SharedLibrary$Delegate
Event: 0.371 loading class org/lwjgl/system/SharedLibrary$Delegate done
Event: 0.371 Thread 0x0000000002d52800 DEOPT PACKING pc=0x00000000030de564 sp=0x0000000002c97fb0
Event: 0.371 Thread 0x0000000002d52800 DEOPT UNPACKING pc=0x0000000002f6787f sp=0x0000000002c97dd0 mode 1
Event: 0.371 Thread 0x0000000002d52800 DEOPT PACKING pc=0x00000000030de2fc sp=0x0000000002c98140
Event: 0.371 Thread 0x0000000002d52800 DEOPT UNPACKING pc=0x0000000002f6787f sp=0x0000000002c97f60 mode 1


Dynamic libraries:
0x00007ff728930000 - 0x00007ff728967000 	C:\Program Files\Java\jdk1.8.0_141\bin\java.exe
0x00007fff05e30000 - 0x00007fff0600b000 	C:\WINDOWS\SYSTEM32\ntdll.dll
0x00007fff04210000 - 0x00007fff042be000 	C:\WINDOWS\System32\KERNEL32.DLL
0x00007fff02430000 - 0x00007fff02679000 	C:\WINDOWS\System32\KERNELBASE.dll
0x00007fff03ef0000 - 0x00007fff03f91000 	C:\WINDOWS\System32\ADVAPI32.dll
0x00007fff03fa0000 - 0x00007fff0403d000 	C:\WINDOWS\System32\msvcrt.dll
0x00007fff03810000 - 0x00007fff03869000 	C:\WINDOWS\System32\sechost.dll
0x00007fff042c0000 - 0x00007fff043e5000 	C:\WINDOWS\System32\RPCRT4.dll
0x00007fff03870000 - 0x00007fff039ba000 	C:\WINDOWS\System32\USER32.dll
0x00007fff023c0000 - 0x00007fff023de000 	C:\WINDOWS\System32\win32u.dll
0x00007fff04450000 - 0x00007fff04477000 	C:\WINDOWS\System32\GDI32.dll
0x00007fff02f30000 - 0x00007fff030b7000 	C:\WINDOWS\System32\gdi32full.dll
0x00007fff02730000 - 0x00007fff027ca000 	C:\WINDOWS\System32\msvcp_win.dll
0x00007fff030c0000 - 0x00007fff031b6000 	C:\WINDOWS\System32\ucrtbase.dll
0x00007ffef7410000 - 0x00007ffef7677000 	C:\WINDOWS\WinSxS\amd64_microsoft.windows.common-controls_6595b64144ccf1df_6.0.15063.483_none_26002d27e7c744a2\COMCTL32.dll
0x00007fff03390000 - 0x00007fff03689000 	C:\WINDOWS\System32\combase.dll
0x00007fff02350000 - 0x00007fff023ba000 	C:\WINDOWS\System32\bcryptPrimitives.dll
0x00007fff039c0000 - 0x00007fff039ed000 	C:\WINDOWS\System32\IMM32.DLL
0x000000006a0d0000 - 0x000000006a1a2000 	C:\Program Files\Java\jdk1.8.0_141\jre\bin\msvcr100.dll
0x0000000069830000 - 0x000000006a0cd000 	C:\Program Files\Java\jdk1.8.0_141\jre\bin\server\jvm.dll
0x00007fff04040000 - 0x00007fff04048000 	C:\WINDOWS\System32\PSAPI.DLL
0x00007fff003a0000 - 0x00007fff003c3000 	C:\WINDOWS\SYSTEM32\WINMM.dll
0x00007ffef8210000 - 0x00007ffef8219000 	C:\WINDOWS\SYSTEM32\WSOCK32.dll
0x00007ffefeaa0000 - 0x00007ffefeaaa000 	C:\WINDOWS\SYSTEM32\VERSION.dll
0x00007fff00340000 - 0x00007fff0036b000 	C:\WINDOWS\SYSTEM32\WINMMBASE.dll
0x00007fff04480000 - 0x00007fff044ec000 	C:\WINDOWS\System32\WS2_32.dll
0x00007fff023e0000 - 0x00007fff02429000 	C:\WINDOWS\System32\cfgmgr32.dll
0x0000000069820000 - 0x000000006982f000 	C:\Program Files\Java\jdk1.8.0_141\jre\bin\verify.dll
0x00000000697f0000 - 0x0000000069819000 	C:\Program Files\Java\jdk1.8.0_141\jre\bin\java.dll
0x0000000069770000 - 0x00000000697a5000 	C:\Program Files\Java\jdk1.8.0_141\jre\bin\jdwp.dll
0x0000000069760000 - 0x0000000069768000 	C:\Program Files\Java\jdk1.8.0_141\jre\bin\npt.dll
0x00000000697d0000 - 0x00000000697e6000 	C:\Program Files\Java\jdk1.8.0_141\jre\bin\zip.dll
0x00007fff049e0000 - 0x00007fff05e16000 	C:\WINDOWS\System32\SHELL32.dll
0x00007fff039f0000 - 0x00007fff03a9a000 	C:\WINDOWS\System32\shcore.dll
0x00007fff027d0000 - 0x00007fff02ec1000 	C:\WINDOWS\System32\windows.storage.dll
0x00007fff03690000 - 0x00007fff036e1000 	C:\WINDOWS\System32\shlwapi.dll
0x00007fff022f0000 - 0x00007fff02301000 	C:\WINDOWS\System32\kernel.appcore.dll
0x00007fff022a0000 - 0x00007fff022ec000 	C:\WINDOWS\System32\powrprof.dll
0x00007fff02310000 - 0x00007fff02325000 	C:\WINDOWS\System32\profapi.dll
0x0000000069750000 - 0x0000000069759000 	C:\Program Files\Java\jdk1.8.0_141\jre\bin\dt_socket.dll
0x00007fff01bb0000 - 0x00007fff01c0c000 	C:\WINDOWS\system32\mswsock.dll
0x00007ffef04d0000 - 0x00007ffef0528000 	D:\Code\Java\Projects\WireEngine30\lib\natives\lwjgl.dll
0x0000000069730000 - 0x000000006974a000 	C:\Program Files\Java\jdk1.8.0_141\jre\bin\net.dll
0x0000000069710000 - 0x0000000069721000 	C:\Program Files\Java\jdk1.8.0_141\jre\bin\nio.dll
0x00007ffef0470000 - 0x00007ffef04cf000 	D:\Code\Java\Projects\WireEngine30\lib\natives\lwjgl_opengl.dll
0x00007ffee7720000 - 0x00007ffee7841000 	C:\WINDOWS\SYSTEM32\opengl32.dll
0x00007ffef3150000 - 0x00007ffef317c000 	C:\WINDOWS\SYSTEM32\GLU32.dll
0x00007ffef2cb0000 - 0x00007ffef2e59000 	C:\WINDOWS\SYSTEM32\dbghelp.dll

VM Arguments:
jvm_args: -agentlib:jdwp=transport=dt_socket,address=127.0.0.1:58892,suspend=y,server=n -Xmx6000M -Djava.library.path=lib/natives/ -Dfile.encoding=UTF-8 
java_command: wireengine.testgame.TestGame -maxfps 100 -maxtps 64 -playername Kelan
java_class_path (initial): C:\Program Files\Java\jdk1.8.0_141\jre\lib\charsets.jar;C:\Program Files\Java\jdk1.8.0_141\jre\lib\deploy.jar;C:\Program Files\Java\jdk1.8.0_141\jre\lib\ext\access-bridge-64.jar;C:\Program Files\Java\jdk1.8.0_141\jre\lib\ext\cldrdata.jar;C:\Program Files\Java\jdk1.8.0_141\jre\lib\ext\dnsns.jar;C:\Program Files\Java\jdk1.8.0_141\jre\lib\ext\jaccess.jar;C:\Program Files\Java\jdk1.8.0_141\jre\lib\ext\jfxrt.jar;C:\Program Files\Java\jdk1.8.0_141\jre\lib\ext\localedata.jar;C:\Program Files\Java\jdk1.8.0_141\jre\lib\ext\nashorn.jar;C:\Program Files\Java\jdk1.8.0_141\jre\lib\ext\sunec.jar;C:\Program Files\Java\jdk1.8.0_141\jre\lib\ext\sunjce_provider.jar;C:\Program Files\Java\jdk1.8.0_141\jre\lib\ext\sunmscapi.jar;C:\Program Files\Java\jdk1.8.0_141\jre\lib\ext\sunpkcs11.jar;C:\Program Files\Java\jdk1.8.0_141\jre\lib\ext\zipfs.jar;C:\Program Files\Java\jdk1.8.0_141\jre\lib\javaws.jar;C:\Program Files\Java\jdk1.8.0_141\jre\lib\jce.jar;C:\Program Files\Java\jdk1.8.0_141\jre\lib\jfr.jar;C:\Program Files\Java\jdk1.8.0_141\jre\lib\jfxswt.jar;C:\Program Files\Java\jdk1.8.0_141\jre\lib\jsse.jar;C:\Program Files\Java\jdk1.8.0_141\jre\lib\management-agent.jar;C:\Program Files\Java\jdk1.8.0_141\jre\lib\plugin.jar;C:\Program Files\Java\jdk1.8.0_141\jre\lib\resources.jar;C:\Program Files\Java\jdk1.8.0_141\jre\lib\rt.jar;D:\Code\Java\Projects\WireEngine30\out\production\WireEngine30;D:\Code\Java\Projects\WireEngine30\lib\lwjgl.jar;D:\Code\Java\Projects\WireEngine30\lib\lwjgl_util.jar;D:\Code\Java\Projects\WireEngine30\lib\slick-util.jar;D:\Code\Java\Projects\WireEngine30\lib\lwjgl-glfw.jar;D:\Code\Java\Projects\WireEngine30\lib\lwjgl-opengl.jar;D:\Program Files\JetBrains\IntelliJ IDEA 2017.2.2\lib\idea_rt.jar
Launcher Type: SUN_STANDARD

Environment Variables:
JAVA_HOME=C:\Program Files\Java\jdk1.8.0_141
PATH=C:\ProgramData\Oracle\Java\javapath;C:\Program Files (x86)\Razer Chroma SDK\bin;C:\Program Files\Razer Chroma SDK\bin;C:\WINDOWS\system32;C:\WINDOWS;C:\WINDOWS\System32\Wbem;C:\WINDOWS\System32\WindowsPowerShell\v1.0\;C:\WINDOWS\system32\config\systemprofile\AppData\Local\Microsoft\WindowsApps;C:\Program Files (x86)\GtkSharp\2.12\bin;C:\Program Files (x86)\NVIDIA Corporation\PhysX\Common;C:\WINDOWS\system32;C:\WINDOWS;C:\WINDOWS\System32\Wbem;C:\WINDOWS\System32\WindowsPowerShell\v1.0\;D:\Program Files (x86)\Gource\cmd;C:\Program Files\Microsoft SQL Server\130\Tools\Binn\;C:\Program Files\dotnet\;D:\Program Files\Git\cmd;C:\Users\Kelan\AppData\Local\Microsoft\WindowsApps;
USERNAME=Kelan
OS=Windows_NT
PROCESSOR_IDENTIFIER=Intel64 Family 6 Model 60 Stepping 3, GenuineIntel



---------------  S Y S T E M  ---------------

OS: Windows 10.0 , 64 bit Build 15063 (10.0.15063.296)

CPU:total 8 (initial active 8) (4 cores per cpu, 2 threads per core) family 6 model 60 stepping 3, cmov, cx8, fxsr, mmx, sse, sse2, sse3, ssse3, sse4.1, sse4.2, popcnt, avx, avx2, aes, clmul, erms, lzcnt, ht, tsc, tscinvbit, bmi1, bmi2

Memory: 4k page, physical 16609500k(9920208k free), swap 18706652k(8828088k free)

vm_info: Java HotSpot(TM) 64-Bit Server VM (25.141-b15) for windows-amd64 JRE (1.8.0_141-b15), built on Jul 12 2017 04:25:12 by "java_re" with MS VC++ 10.0 (VS2010)

time: Sat Oct 14 17:32:00 2017
elapsed time: 0 seconds (0d 0h 0m 0s)

