#
# A fatal error has been detected by the Java Runtime Environment:
#
#  EXCEPTION_ACCESS_VIOLATION (0xc0000005) at pc=0x00007ffbf96d846d, pid=26488, tid=0x0000000000002200
#
# JRE version: Java(TM) SE Runtime Environment (8.0_141-b15) (build 1.8.0_141-b15)
# Java VM: Java HotSpot(TM) 64-Bit Server VM (25.141-b15 mixed mode windows-amd64 compressed oops)
# Problematic frame:
# C  [lwjgl_opengl.dll+0x846d]
#
# Failed to write core dump. Minidumps are not enabled by default on client versions of Windows
#
# If you would like to submit a bug report, please visit:
#   http://bugreport.java.com/bugreport/crash.jsp
# The crash happened outside the Java Virtual Machine in native code.
# See problematic frame for where to report the bug.
#

---------------  T H R E A D  ---------------

Current thread (0x0000000002f22800):  JavaThread "main" [_thread_in_native, id=8704, stack(0x0000000002da0000,0x0000000002ea0000)]

siginfo: ExceptionCode=0xc0000005, reading address 0x0000000000000f70

Registers:
RAX=0x0000000077f01d50, RBX=0x0000000020b88470, RCX=0x0000000000000001, RDX=0x00000000243d8d1c
RSP=0x0000000002e9f098, RBP=0x0000000002e9f120, RSI=0x00000007430698e0, RDI=0x00000000030d7f10
R8 =0x0000000000000001, R9 =0x00000000243d8d1c, R10=0x0000000000000000, R11=0x000000007798bc50
R12=0x0000000000000000, R13=0x0000000020b88470, R14=0x0000000002e9f150, R15=0x0000000002f22800
RIP=0x00007ffbf96d846d, EFLAGS=0x0000000000010202

Top of Stack: (sp=0x0000000002e9f098)
0x0000000002e9f098:   00000000030f100c 00000000030d7f10
0x0000000002e9f0a8:   00000000030f0a5d 0000000002f22800
0x0000000002e9f0b8:   0000000020b88470 00000007430698e0
0x0000000002e9f0c8:   0000000002f22800 0000000002e9f1c8
0x0000000002e9f0d8:   00000000030f0a22 0000000002e9f0e0
0x0000000002e9f0e8:   0000000020b88470 0000000002e9f150
0x0000000002e9f0f8:   0000000020b91300 0000000000000000
0x0000000002e9f108:   0000000020b88470 0000000000000000
0x0000000002e9f118:   0000000002e9f140 0000000002e9f198
0x0000000002e9f128:   00000000030d83fd 00000007436d3538
0x0000000002e9f138:   00000000030e71b8 00000000243d8d1c
0x0000000002e9f148:   00000007439fe540 0000000000000001
0x0000000002e9f158:   0000000002e9f158 0000000020b885e4
0x0000000002e9f168:   0000000002e9f1c8 0000000020b91300
0x0000000002e9f178:   0000000000000000 0000000020b88650
0x0000000002e9f188:   0000000002e9f140 0000000002e9f1d0 

Instructions: (pc=0x00007ffbf96d846d)
0x00007ffbf96d844d:   49 ff a2 30 0a 00 00 cc cc cc cc cc cc cc cc cc
0x00007ffbf96d845d:   cc cc cc 48 8b 01 49 8b d1 41 8b c8 4c 8b 50 18
0x00007ffbf96d846d:   49 ff a2 70 0f 00 00 cc cc cc cc cc cc cc cc cc
0x00007ffbf96d847d:   cc cc cc 48 8b 01 48 8b 48 18 48 8b 81 78 1c 00 


Register to memory mapping:

RAX=0x0000000077f01d50 is an unknown value
RBX={method} {0x0000000020b88478} 'nglGenVertexArrays' '(IJ)V' in 'org/lwjgl/opengl/GL30'
RCX=0x0000000000000001 is an unknown value
RDX=0x00000000243d8d1c is an unknown value
RSP=0x0000000002e9f098 is pointing into the stack for thread: 0x0000000002f22800
RBP=0x0000000002e9f120 is pointing into the stack for thread: 0x0000000002f22800
RSI=0x00000007430698e0 is an oop
java.lang.ThreadLocal$ThreadLocalMap 
 - klass: 'java/lang/ThreadLocal$ThreadLocalMap'
RDI=0x00000000030d7f10 is at code_begin+1040 in an Interpreter codelet
invoke return entry points  [0x00000000030d7b00, 0x00000000030d84e0]  2528 bytes
R8 =0x0000000000000001 is an unknown value
R9 =0x00000000243d8d1c is an unknown value
R10=0x0000000000000000 is an unknown value
R11=0x000000007798bc50 is an unknown value
R12=0x0000000000000000 is an unknown value
R13={method} {0x0000000020b88478} 'nglGenVertexArrays' '(IJ)V' in 'org/lwjgl/opengl/GL30'
R14=0x0000000002e9f150 is pointing into the stack for thread: 0x0000000002f22800
R15=0x0000000002f22800 is a thread


Stack: [0x0000000002da0000,0x0000000002ea0000],  sp=0x0000000002e9f098,  free space=1020k
Native frames: (J=compiled Java code, j=interpreted, Vv=VM code, C=native code)
C  [lwjgl_opengl.dll+0x846d]

Java frames: (J=compiled Java code, j=interpreted, Vv=VM code)
j  org.lwjgl.opengl.GL30.nglGenVertexArrays(IJ)V+0
j  org.lwjgl.opengl.GL30.glGenVertexArrays()I+20
j  wireengine.core.rendering.geometry.Mesh.create(F)Lwireengine/core/rendering/geometry/Mesh;+10
j  wireengine.core.rendering.geometry.Mesh.create()Lwireengine/core/rendering/geometry/Mesh;+2
j  wireengine.core.rendering.geometry.MeshHelper.parseObj(Ljava/lang/String;)Lwireengine/core/rendering/geometry/Mesh;+1034
j  wireengine.testgame.TestGame.main([Ljava/lang/String;)V+2
v  ~StubRoutines::call_stub

---------------  P R O C E S S  ---------------

Java Threads: ( => current thread )
  0x00000000230f1800 JavaThread "Service Thread" daemon [_thread_blocked, id=18056, stack(0x0000000023f10000,0x0000000024010000)]
  0x00000000230df000 JavaThread "C1 CompilerThread3" daemon [_thread_blocked, id=31236, stack(0x0000000023e10000,0x0000000023f10000)]
  0x00000000230dc000 JavaThread "C2 CompilerThread2" daemon [_thread_blocked, id=33648, stack(0x0000000023d10000,0x0000000023e10000)]
  0x0000000023085000 JavaThread "C2 CompilerThread1" daemon [_thread_blocked, id=904, stack(0x0000000023c10000,0x0000000023d10000)]
  0x0000000023080000 JavaThread "C2 CompilerThread0" daemon [_thread_blocked, id=22760, stack(0x0000000023b10000,0x0000000023c10000)]
  0x0000000023063800 JavaThread "JDWP Command Reader" daemon [_thread_in_native, id=26576, stack(0x0000000023a10000,0x0000000023b10000)]
  0x0000000023062000 JavaThread "JDWP Event Helper Thread" daemon [_thread_blocked, id=28192, stack(0x0000000023910000,0x0000000023a10000)]
  0x0000000023054800 JavaThread "JDWP Transport Listener: dt_socket" daemon [_thread_blocked, id=16624, stack(0x0000000023810000,0x0000000023910000)]
  0x0000000023048000 JavaThread "Attach Listener" daemon [_thread_blocked, id=27984, stack(0x0000000023710000,0x0000000023810000)]
  0x0000000023047000 JavaThread "Signal Dispatcher" daemon [_thread_blocked, id=22244, stack(0x0000000023610000,0x0000000023710000)]
  0x0000000003019800 JavaThread "Finalizer" daemon [_thread_blocked, id=18168, stack(0x0000000023420000,0x0000000023520000)]
  0x0000000003018000 JavaThread "Reference Handler" daemon [_thread_blocked, id=22228, stack(0x0000000022f20000,0x0000000023020000)]
=>0x0000000002f22800 JavaThread "main" [_thread_in_native, id=8704, stack(0x0000000002da0000,0x0000000002ea0000)]

Other Threads:
  0x000000002114a000 VMThread [stack: 0x0000000022e20000,0x0000000022f20000] [id=23516]
  0x0000000023106000 WatcherThread [stack: 0x0000000024010000,0x0000000024110000] [id=11084]

VM state:not at safepoint (normal execution)

VM Mutex/Monitor currently owned by a thread: None

Heap:
 PSYoungGen      total 75776K, used 10423K [0x0000000743000000, 0x0000000748480000, 0x00000007c0000000)
  eden space 65024K, 16% used [0x0000000743000000,0x0000000743a2de28,0x0000000746f80000)
  from space 10752K, 0% used [0x0000000747a00000,0x0000000747a00000,0x0000000748480000)
  to   space 10752K, 0% used [0x0000000746f80000,0x0000000746f80000,0x0000000747a00000)
 ParOldGen       total 173568K, used 0K [0x0000000649000000, 0x0000000653980000, 0x0000000743000000)
  object space 173568K, 0% used [0x0000000649000000,0x0000000649000000,0x0000000653980000)
 Metaspace       used 6648K, capacity 6878K, committed 7040K, reserved 1056768K
  class space    used 727K, capacity 831K, committed 896K, reserved 1048576K

Card table byte_map: [0x0000000012490000,0x0000000013050000] byte_map_base: 0x000000000f248000

Marking Bits: (ParMarkBitMap*) 0x0000000077f7d850
 Begin Bits: [0x0000000014020000, 0x0000000019de0000)
 End Bits:   [0x0000000019de0000, 0x000000001fba0000)

Polling page: 0x00000000015a0000

CodeCache: size=245760Kb used=2235Kb max_used=2247Kb free=243524Kb
 bounds [0x00000000030d0000, 0x0000000003340000, 0x00000000120d0000]
 total_blobs=857 nmethods=515 adapters=263
 compilation: enabled

Compilation events (10 events):
Event: 0.343 Thread 0x00000000230df000  511       3       java.lang.ClassLoader::loadClass (7 bytes)
Event: 0.343 Thread 0x00000000230df000 nmethod 511 0x00000000032fd150 code [0x00000000032fd2c0, 0x00000000032fd4e8]
Event: 0.343 Thread 0x00000000230df000  512       3       sun.misc.Launcher$AppClassLoader::loadClass (85 bytes)
Event: 0.344 Thread 0x00000000230df000 nmethod 512 0x00000000032fbc50 code [0x00000000032fbea0, 0x00000000032fcc28]
Event: 0.344 Thread 0x00000000230df000  513   !   3       java.util.zip.Inflater::inflate (113 bytes)
Event: 0.344 Thread 0x00000000230df000 nmethod 513 0x0000000003300c50 code [0x0000000003300e20, 0x00000000033014f8]
Event: 0.344 Thread 0x00000000230df000  515       1       java.security.CodeSource::getLocation (5 bytes)
Event: 0.344 Thread 0x00000000230df000 nmethod 515 0x0000000003301910 code [0x0000000003301a60, 0x0000000003301b70]
Event: 0.344 Thread 0x0000000023080000 nmethod 505 0x0000000003301bd0 code [0x0000000003301d20, 0x00000000033022f8]
Event: 0.347 Thread 0x0000000023085000 nmethod 509 0x0000000003302610 code [0x0000000003302760, 0x0000000003302b58]

GC Heap History (0 events):
No events

Deoptimization events (2 events):
Event: 0.235 Thread 0x0000000002f22800 Uncommon trap: reason=unstable_if action=reinterpret pc=0x0000000003268950 method=java.lang.String.indexOf([CII[CIII)I @ 134
Event: 0.280 Thread 0x0000000002f22800 Uncommon trap: reason=unstable_if action=reinterpret pc=0x00000000032591b8 method=java.lang.CharacterDataLatin1.digit(II)I @ 31

Internal exceptions (9 events):
Event: 0.035 Thread 0x0000000002f22800 Exception <a 'java/lang/NoSuchMethodError': Method sun.misc.Unsafe.defineClass(Ljava/lang/String;[BII)Ljava/lang/Class; name or signature does not match> (0x0000000743007ca8) thrown at [C:\re\workspace\8-2-build-windows-amd64-cygwin\jdk8u141\9370\hotspot\
Event: 0.035 Thread 0x0000000002f22800 Exception <a 'java/lang/NoSuchMethodError': Method sun.misc.Unsafe.prefetchRead(Ljava/lang/Object;J)V name or signature does not match> (0x0000000743007f90) thrown at [C:\re\workspace\8-2-build-windows-amd64-cygwin\jdk8u141\9370\hotspot\src\share\vm\prims
Event: 0.156 Thread 0x0000000002f22800 Exception <a 'java/security/PrivilegedActionException'> (0x0000000743134880) thrown at [C:\re\workspace\8-2-build-windows-amd64-cygwin\jdk8u141\9370\hotspot\src\share\vm\prims\jvm.cpp, line 1390]
Event: 0.156 Thread 0x0000000002f22800 Exception <a 'java/security/PrivilegedActionException'> (0x0000000743134c78) thrown at [C:\re\workspace\8-2-build-windows-amd64-cygwin\jdk8u141\9370\hotspot\src\share\vm\prims\jvm.cpp, line 1390]
Event: 0.156 Thread 0x0000000002f22800 Exception <a 'java/security/PrivilegedActionException'> (0x0000000743138f58) thrown at [C:\re\workspace\8-2-build-windows-amd64-cygwin\jdk8u141\9370\hotspot\src\share\vm\prims\jvm.cpp, line 1390]
Event: 0.156 Thread 0x0000000002f22800 Exception <a 'java/security/PrivilegedActionException'> (0x0000000743139350) thrown at [C:\re\workspace\8-2-build-windows-amd64-cygwin\jdk8u141\9370\hotspot\src\share\vm\prims\jvm.cpp, line 1390]
Event: 0.248 Thread 0x0000000002f22800 Exception <a 'java/lang/NoSuchFieldError': method resolution failed> (0x00000007437e23d8) thrown at [C:\re\workspace\8-2-build-windows-amd64-cygwin\jdk8u141\9370\hotspot\src\share\vm\prims\methodHandles.cpp, line 1146]
Event: 0.249 Thread 0x0000000002f22800 Exception <a 'java/lang/NoSuchFieldError': method resolution failed> (0x00000007437ef778) thrown at [C:\re\workspace\8-2-build-windows-amd64-cygwin\jdk8u141\9370\hotspot\src\share\vm\prims\methodHandles.cpp, line 1146]
Event: 0.289 Thread 0x0000000002f22800 Exception <a 'java/lang/NoSuchMethodError': java.lang.Object.lambda$static$0(Ljava/lang/String;)Ljava/lang/Boolean;> (0x0000000743901ba0) thrown at [C:\re\workspace\8-2-build-windows-amd64-cygwin\jdk8u141\9370\hotspot\src\share\vm\interpreter\linkResolver

Events (10 events):
Event: 0.351 Thread 0x0000000002f22800 DEOPT PACKING pc=0x00000000032df5e4 sp=0x0000000002e9a6a0
Event: 0.351 Thread 0x0000000002f22800 DEOPT UNPACKING pc=0x000000000311787f sp=0x0000000002e9a4c0 mode 1
Event: 0.351 Thread 0x0000000002f22800 DEOPT PACKING pc=0x00000000032df37c sp=0x0000000002e9a830
Event: 0.351 Thread 0x0000000002f22800 DEOPT UNPACKING pc=0x000000000311787f sp=0x0000000002e9a650 mode 1
Event: 0.352 loading class org/lwjgl/system/SharedLibrary$Delegate
Event: 0.352 loading class org/lwjgl/system/SharedLibrary$Delegate done
Event: 0.352 Thread 0x0000000002f22800 DEOPT PACKING pc=0x00000000032df5e4 sp=0x0000000002e98170
Event: 0.352 Thread 0x0000000002f22800 DEOPT UNPACKING pc=0x000000000311787f sp=0x0000000002e97f90 mode 1
Event: 0.352 Thread 0x0000000002f22800 DEOPT PACKING pc=0x00000000032df37c sp=0x0000000002e98300
Event: 0.352 Thread 0x0000000002f22800 DEOPT UNPACKING pc=0x000000000311787f sp=0x0000000002e98120 mode 1


Dynamic libraries:
0x00007ff6919f0000 - 0x00007ff691a27000 	C:\Program Files\Java\jdk1.8.0_141\bin\java.exe
0x00007ffc05cc0000 - 0x00007ffc05e9b000 	C:\WINDOWS\SYSTEM32\ntdll.dll
0x00007ffc03d00000 - 0x00007ffc03dae000 	C:\WINDOWS\System32\KERNEL32.DLL
0x00007ffc02670000 - 0x00007ffc028b9000 	C:\WINDOWS\System32\KERNELBASE.dll
0x00007ffc046a0000 - 0x00007ffc04741000 	C:\WINDOWS\System32\ADVAPI32.dll
0x00007ffc04280000 - 0x00007ffc0431d000 	C:\WINDOWS\System32\msvcrt.dll
0x00007ffc03db0000 - 0x00007ffc03e09000 	C:\WINDOWS\System32\sechost.dll
0x00007ffc05b90000 - 0x00007ffc05cb5000 	C:\WINDOWS\System32\RPCRT4.dll
0x00007ffc03750000 - 0x00007ffc0389a000 	C:\WINDOWS\System32\USER32.dll
0x00007ffc025a0000 - 0x00007ffc025be000 	C:\WINDOWS\System32\win32u.dll
0x00007ffc03720000 - 0x00007ffc03747000 	C:\WINDOWS\System32\GDI32.dll
0x00007ffc03090000 - 0x00007ffc03217000 	C:\WINDOWS\System32\gdi32full.dll
0x00007ffc021e0000 - 0x00007ffc0227a000 	C:\WINDOWS\System32\msvcp_win.dll
0x00007ffc022d0000 - 0x00007ffc023c6000 	C:\WINDOWS\System32\ucrtbase.dll
0x00007ffbf6f10000 - 0x00007ffbf7177000 	C:\WINDOWS\WinSxS\amd64_microsoft.windows.common-controls_6595b64144ccf1df_6.0.15063.483_none_26002d27e7c744a2\COMCTL32.dll
0x00007ffc03f00000 - 0x00007ffc041f9000 	C:\WINDOWS\System32\combase.dll
0x00007ffc03020000 - 0x00007ffc0308a000 	C:\WINDOWS\System32\bcryptPrimitives.dll
0x00007ffc03e20000 - 0x00007ffc03e4d000 	C:\WINDOWS\System32\IMM32.DLL
0x0000000050ed0000 - 0x0000000050fa2000 	C:\Program Files\Java\jdk1.8.0_141\jre\bin\msvcr100.dll
0x0000000077760000 - 0x0000000077ffd000 	C:\Program Files\Java\jdk1.8.0_141\jre\bin\server\jvm.dll
0x00007ffc03e10000 - 0x00007ffc03e18000 	C:\WINDOWS\System32\PSAPI.DLL
0x00007ffbfe6a0000 - 0x00007ffbfe6aa000 	C:\WINDOWS\SYSTEM32\VERSION.dll
0x00007ffbfc6b0000 - 0x00007ffbfc6b9000 	C:\WINDOWS\SYSTEM32\WSOCK32.dll
0x00007ffc00330000 - 0x00007ffc00353000 	C:\WINDOWS\SYSTEM32\WINMM.dll
0x00007ffc04320000 - 0x00007ffc0438c000 	C:\WINDOWS\System32\WS2_32.dll
0x00007ffc00300000 - 0x00007ffc0032b000 	C:\WINDOWS\SYSTEM32\WINMMBASE.dll
0x00007ffc02280000 - 0x00007ffc022c9000 	C:\WINDOWS\System32\cfgmgr32.dll
0x0000000050ec0000 - 0x0000000050ecf000 	C:\Program Files\Java\jdk1.8.0_141\jre\bin\verify.dll
0x0000000050e90000 - 0x0000000050eb9000 	C:\Program Files\Java\jdk1.8.0_141\jre\bin\java.dll
0x0000000050e30000 - 0x0000000050e65000 	C:\Program Files\Java\jdk1.8.0_141\jre\bin\jdwp.dll
0x0000000050e20000 - 0x0000000050e28000 	C:\Program Files\Java\jdk1.8.0_141\jre\bin\npt.dll
0x0000000050e70000 - 0x0000000050e86000 	C:\Program Files\Java\jdk1.8.0_141\jre\bin\zip.dll
0x00007ffc04750000 - 0x00007ffc05b86000 	C:\WINDOWS\System32\SHELL32.dll
0x00007ffc03a80000 - 0x00007ffc03b2a000 	C:\WINDOWS\System32\shcore.dll
0x00007ffc028c0000 - 0x00007ffc02fb1000 	C:\WINDOWS\System32\windows.storage.dll
0x00007ffc03a20000 - 0x00007ffc03a71000 	C:\WINDOWS\System32\shlwapi.dll
0x00007ffc02130000 - 0x00007ffc02141000 	C:\WINDOWS\System32\kernel.appcore.dll
0x00007ffc02190000 - 0x00007ffc021dc000 	C:\WINDOWS\System32\powrprof.dll
0x00007ffc02170000 - 0x00007ffc02185000 	C:\WINDOWS\System32\profapi.dll
0x0000000050e10000 - 0x0000000050e19000 	C:\Program Files\Java\jdk1.8.0_141\jre\bin\dt_socket.dll
0x00007ffc01a40000 - 0x00007ffc01a9c000 	C:\WINDOWS\system32\mswsock.dll
0x00007ffbfb370000 - 0x00007ffbfb3c8000 	D:\Code\Java\Projects\WireEngine30\lib\natives\lwjgl.dll
0x0000000050df0000 - 0x0000000050e0a000 	C:\Program Files\Java\jdk1.8.0_141\jre\bin\net.dll
0x0000000050dd0000 - 0x0000000050de1000 	C:\Program Files\Java\jdk1.8.0_141\jre\bin\nio.dll
0x00007ffbf96d0000 - 0x00007ffbf972f000 	D:\Code\Java\Projects\WireEngine30\lib\natives\lwjgl_opengl.dll
0x00007ffbf05c0000 - 0x00007ffbf06e1000 	C:\WINDOWS\SYSTEM32\opengl32.dll
0x00007ffbf9070000 - 0x00007ffbf909c000 	C:\WINDOWS\SYSTEM32\GLU32.dll
0x00007ffbf2890000 - 0x00007ffbf2a39000 	C:\WINDOWS\SYSTEM32\dbghelp.dll

VM Arguments:
jvm_args: -agentlib:jdwp=transport=dt_socket,address=127.0.0.1:18370,suspend=y,server=n -Xmx6000M -Djava.library.path=lib/natives/ -Dfile.encoding=UTF-8 
java_command: wireengine.testgame.TestGame -maxfps 100 -maxtps 64 -playername Kelan
java_class_path (initial): C:\Program Files\Java\jdk1.8.0_141\jre\lib\charsets.jar;C:\Program Files\Java\jdk1.8.0_141\jre\lib\deploy.jar;C:\Program Files\Java\jdk1.8.0_141\jre\lib\ext\access-bridge-64.jar;C:\Program Files\Java\jdk1.8.0_141\jre\lib\ext\cldrdata.jar;C:\Program Files\Java\jdk1.8.0_141\jre\lib\ext\dnsns.jar;C:\Program Files\Java\jdk1.8.0_141\jre\lib\ext\jaccess.jar;C:\Program Files\Java\jdk1.8.0_141\jre\lib\ext\jfxrt.jar;C:\Program Files\Java\jdk1.8.0_141\jre\lib\ext\localedata.jar;C:\Program Files\Java\jdk1.8.0_141\jre\lib\ext\nashorn.jar;C:\Program Files\Java\jdk1.8.0_141\jre\lib\ext\sunec.jar;C:\Program Files\Java\jdk1.8.0_141\jre\lib\ext\sunjce_provider.jar;C:\Program Files\Java\jdk1.8.0_141\jre\lib\ext\sunmscapi.jar;C:\Program Files\Java\jdk1.8.0_141\jre\lib\ext\sunpkcs11.jar;C:\Program Files\Java\jdk1.8.0_141\jre\lib\ext\zipfs.jar;C:\Program Files\Java\jdk1.8.0_141\jre\lib\javaws.jar;C:\Program Files\Java\jdk1.8.0_141\jre\lib\jce.jar;C:\Program Files\Java\jdk1.8.0_141\jre\lib\jfr.jar;C:\Program Files\Java\jdk1.8.0_141\jre\lib\jfxswt.jar;C:\Program Files\Java\jdk1.8.0_141\jre\lib\jsse.jar;C:\Program Files\Java\jdk1.8.0_141\jre\lib\management-agent.jar;C:\Program Files\Java\jdk1.8.0_141\jre\lib\plugin.jar;C:\Program Files\Java\jdk1.8.0_141\jre\lib\resources.jar;C:\Program Files\Java\jdk1.8.0_141\jre\lib\rt.jar;D:\Code\Java\Projects\WireEngine30\out\production\WireEngine30;D:\Code\Java\Projects\WireEngine30\lib\lwjgl.jar;D:\Code\Java\Projects\WireEngine30\lib\lwjgl_util.jar;D:\Code\Java\Projects\WireEngine30\lib\slick-util.jar;D:\Code\Java\Projects\WireEngine30\lib\lwjgl-glfw.jar;D:\Code\Java\Projects\WireEngine30\lib\lwjgl-opengl.jar;D:\Program Files\JetBrains\IntelliJ IDEA 2017.2.2\lib\idea_rt.jar
Launcher Type: SUN_STANDARD

Environment Variables:
JAVA_HOME=C:\Program Files\Java\jdk1.8.0_141
PATH=C:\ProgramData\Oracle\Java\javapath;C:\Program Files (x86)\Razer Chroma SDK\bin;C:\Program Files\Razer Chroma SDK\bin;C:\WINDOWS\system32;C:\WINDOWS;C:\WINDOWS\System32\Wbem;C:\WINDOWS\System32\WindowsPowerShell\v1.0\;C:\WINDOWS\system32\config\systemprofile\AppData\Local\Microsoft\WindowsApps;C:\Program Files (x86)\GtkSharp\2.12\bin;C:\Program Files (x86)\NVIDIA Corporation\PhysX\Common;C:\WINDOWS\system32;C:\WINDOWS;C:\WINDOWS\System32\Wbem;C:\WINDOWS\System32\WindowsPowerShell\v1.0\;D:\Program Files (x86)\Gource\cmd;C:\Program Files\Microsoft SQL Server\130\Tools\Binn\;C:\Program Files\dotnet\;D:\Program Files\Git\cmd;C:\Users\Kelan\AppData\Local\Microsoft\WindowsApps;
USERNAME=Kelan
OS=Windows_NT
PROCESSOR_IDENTIFIER=Intel64 Family 6 Model 60 Stepping 3, GenuineIntel



---------------  S Y S T E M  ---------------

OS: Windows 10.0 , 64 bit Build 15063 (10.0.15063.296)

CPU:total 8 (initial active 8) (4 cores per cpu, 2 threads per core) family 6 model 60 stepping 3, cmov, cx8, fxsr, mmx, sse, sse2, sse3, ssse3, sse4.1, sse4.2, popcnt, avx, avx2, aes, clmul, erms, lzcnt, ht, tsc, tscinvbit, bmi1, bmi2

Memory: 4k page, physical 16609500k(8966584k free), swap 18706652k(8758932k free)

vm_info: Java HotSpot(TM) 64-Bit Server VM (25.141-b15) for windows-amd64 JRE (1.8.0_141-b15), built on Jul 12 2017 04:25:12 by "java_re" with MS VC++ 10.0 (VS2010)

time: Tue Oct 17 17:53:31 2017
elapsed time: 0 seconds (0d 0h 0m 0s)

